TN:
SF:/home/gius/git/llama-cli/build/_deps/cpp_linenoise-src/linenoise.hpp
FN:1199,1208,_ZN9linenoiseL17unicodeIsWideCharEm
FN:1412,1421,_ZN9linenoise22unicodeIsCombiningCharEm
FN:1425,1432,_ZN9linenoise22unicodePrevUTF8CharLenEPci
FN:1436,1444,_ZN9linenoise18unicodeUTF8CharLenEPcii
FN:1448,1482,_ZN9linenoise26unicodeUTF8CharToCodePointEPKciPi
FN:1486,1503,_ZN9linenoise18unicodeGraphemeLenEPcii
FN:1507,1523,_ZN9linenoise22unicodePrevGraphemeLenEPci
FN:1525,1541,_ZN9linenoise12isAnsiEscapeEPKciPi
FN:1545,1568,_ZN9linenoise16unicodeColumnPosEPKci
FN:1572,1606,_ZN9linenoise28unicodeColumnPosForMultiLineEPciiii
FN:1610,1634,_ZN9linenoise19unicodeReadUTF8CharEiPcPi
FN:1640,1660,_ZN9linenoise17isUnsupportedTermEv
FN:1650,1650,_ZZN9linenoise17isUnsupportedTermEvENKUlhE_clEh
FN:1654,1654,_ZZN9linenoise17isUnsupportedTermEvENKUlhE0_clEh
FN:1663,1729,_ZN9linenoise13enableRawModeEi
FN:1731,1743,_ZN9linenoise14disableRawModeEi
FN:1748,1768,_ZN9linenoise17getCursorPositionEii
FN:1772,1810,_ZN9linenoise10getColumnsEii
FN:1813,1817,_ZN9linenoise20linenoiseClearScreenEv
FN:1836,1839,_ZN9linenoise13linenoiseBeepEv
FN:1849,1913,_ZN9linenoise14linenoiseState12completeLineEPcPi
FN:1921,1953,_ZN9linenoise14linenoiseState17refreshSingleLineEv
FN:1959,2035,_ZN9linenoise14linenoiseState16refreshMultiLineEv
FN:2039,2046,_ZN9linenoise14linenoiseState11RefreshLineEv
FN:2052,2052,_ZN9linenoise14linenoiseState9SetPromptEPKc
FN:2053,2053,_ZN9linenoise14linenoiseState9SetPromptERNSt7__cxx1112basic_stringIcSt11char_traitsIcESaIcEEE
FN:2058,2082,_ZN9linenoise14linenoiseState10EditInsertEPKci
FN:2085,2090,_ZN9linenoise14linenoiseState12EditMoveLeftEv
FN:2093,2098,_ZN9linenoise14linenoiseState13EditMoveRightEv
FN:2101,2106,_ZN9linenoise14linenoiseState12EditMoveHomeEv
FN:2109,2114,_ZN9linenoise14linenoiseState11EditMoveEndEv
FN:2120,2139,_ZN9linenoise14linenoiseState15EditHistoryNextEi
FN:2143,2151,_ZN9linenoise14linenoiseState10EditDeleteEv
FN:2154,2163,_ZN9linenoise14linenoiseState13EditBackspaceEv
FN:2167,2179,_ZN9linenoise14linenoiseState18EditDeletePrevWordEv
FN:2189,2349,_ZN9linenoise14linenoiseState4EditEv
FN:2353,2394,_ZN9linenoise14linenoiseState3RawERNSt7__cxx1112basic_stringIcSt11char_traitsIcESaIcEEE
FN:2396,2408,_ZN9linenoise14linenoiseStateC2EPKcii
FN:2418,2429,_ZN9linenoise14linenoiseState8ReadlineERNSt7__cxx1112basic_stringIcSt11char_traitsIcESaIcEEE
FN:2445,2452,_ZN9linenoise15linenoiseAtExitEv
FN:2461,2474,_ZN9linenoise14linenoiseState10AddHistoryEPKc
FN:2532,2536,_ZN9linenoise10AddHistoryEPKc
FN:2557,2562,_ZN9linenoise8ReadlineEPKcRNSt7__cxx1112basic_stringIcSt11char_traitsIcESaIcEEE
FNDA:0,_ZN9linenoiseL17unicodeIsWideCharEm
FNDA:0,_ZN9linenoise22unicodeIsCombiningCharEm
FNDA:0,_ZN9linenoise22unicodePrevUTF8CharLenEPci
FNDA:0,_ZN9linenoise18unicodeUTF8CharLenEPcii
FNDA:0,_ZN9linenoise26unicodeUTF8CharToCodePointEPKciPi
FNDA:0,_ZN9linenoise18unicodeGraphemeLenEPcii
FNDA:0,_ZN9linenoise22unicodePrevGraphemeLenEPci
FNDA:0,_ZN9linenoise12isAnsiEscapeEPKciPi
FNDA:0,_ZN9linenoise16unicodeColumnPosEPKci
FNDA:0,_ZN9linenoise28unicodeColumnPosForMultiLineEPciiii
FNDA:0,_ZN9linenoise19unicodeReadUTF8CharEiPcPi
FNDA:0,_ZN9linenoise17isUnsupportedTermEv
FNDA:0,_ZZN9linenoise17isUnsupportedTermEvENKUlhE_clEh
FNDA:0,_ZZN9linenoise17isUnsupportedTermEvENKUlhE0_clEh
FNDA:0,_ZN9linenoise13enableRawModeEi
FNDA:0,_ZN9linenoise14disableRawModeEi
FNDA:0,_ZN9linenoise17getCursorPositionEii
FNDA:0,_ZN9linenoise10getColumnsEii
FNDA:0,_ZN9linenoise20linenoiseClearScreenEv
FNDA:0,_ZN9linenoise13linenoiseBeepEv
FNDA:0,_ZN9linenoise14linenoiseState12completeLineEPcPi
FNDA:0,_ZN9linenoise14linenoiseState17refreshSingleLineEv
FNDA:0,_ZN9linenoise14linenoiseState16refreshMultiLineEv
FNDA:0,_ZN9linenoise14linenoiseState11RefreshLineEv
FNDA:0,_ZN9linenoise14linenoiseState9SetPromptEPKc
FNDA:0,_ZN9linenoise14linenoiseState9SetPromptERNSt7__cxx1112basic_stringIcSt11char_traitsIcESaIcEEE
FNDA:0,_ZN9linenoise14linenoiseState10EditInsertEPKci
FNDA:0,_ZN9linenoise14linenoiseState12EditMoveLeftEv
FNDA:0,_ZN9linenoise14linenoiseState13EditMoveRightEv
FNDA:0,_ZN9linenoise14linenoiseState12EditMoveHomeEv
FNDA:0,_ZN9linenoise14linenoiseState11EditMoveEndEv
FNDA:0,_ZN9linenoise14linenoiseState15EditHistoryNextEi
FNDA:0,_ZN9linenoise14linenoiseState10EditDeleteEv
FNDA:0,_ZN9linenoise14linenoiseState13EditBackspaceEv
FNDA:0,_ZN9linenoise14linenoiseState18EditDeletePrevWordEv
FNDA:0,_ZN9linenoise14linenoiseState4EditEv
FNDA:0,_ZN9linenoise14linenoiseState3RawERNSt7__cxx1112basic_stringIcSt11char_traitsIcESaIcEEE
FNDA:0,_ZN9linenoise14linenoiseStateC2EPKcii
FNDA:0,_ZN9linenoise14linenoiseState8ReadlineERNSt7__cxx1112basic_stringIcSt11char_traitsIcESaIcEEE
FNDA:0,_ZN9linenoise15linenoiseAtExitEv
FNDA:0,_ZN9linenoise14linenoiseState10AddHistoryEPKc
FNDA:0,_ZN9linenoise10AddHistoryEPKc
FNDA:0,_ZN9linenoise8ReadlineEPKcRNSt7__cxx1112basic_stringIcSt11char_traitsIcESaIcEEE
FNF:43
FNH:0
DA:1199,0
DA:1202,0
DA:1203,0
DA:1204,0
DA:1207,0
DA:1412,0
DA:1415,0
DA:1416,0
DA:1417,0
DA:1420,0
DA:1425,0
DA:1427,0
DA:1428,0
DA:1429,0
DA:1431,0
DA:1436,0
DA:1438,0
DA:1439,0
DA:1440,0
DA:1441,0
DA:1442,0
DA:1443,0
DA:1448,0
DA:1453,0
DA:1454,0
DA:1455,0
DA:1456,0
DA:1457,0
DA:1458,0
DA:1459,0
DA:1460,0
DA:1461,0
DA:1462,0
DA:1464,0
DA:1465,0
DA:1466,0
DA:1467,0
DA:1468,0
DA:1469,0
DA:1471,0
DA:1472,0
DA:1473,0
DA:1474,0
DA:1475,0
DA:1476,0
DA:1477,0
DA:1481,0
DA:1486,0
DA:1488,0
DA:1489,0
DA:1491,0
DA:1492,0
DA:1493,0
DA:1494,0
DA:1495,0
DA:1496,0
DA:1497,0
DA:1498,0
DA:1500,0
DA:1502,0
DA:1507,0
DA:1509,0
DA:1510,0
DA:1512,0
DA:1513,0
DA:1514,0
DA:1515,0
DA:1516,0
DA:1517,0
DA:1518,0
DA:1519,0
DA:1522,0
DA:1525,0
DA:1527,0
DA:1528,0
DA:1529,0
DA:1530,0
DA:1531,0
DA:1535,0
DA:1536,0
DA:1540,0
DA:1545,0
DA:1547,0
DA:1549,0
DA:1550,0
DA:1552,0
DA:1553,0
DA:1554,0
DA:1557,0
DA:1558,0
DA:1560,0
DA:1561,0
DA:1564,0
DA:1567,0
DA:1572,0
DA:1574,0
DA:1575,0
DA:1577,0
DA:1578,0
DA:1579,0
DA:1580,0
DA:1582,0
DA:1583,0
DA:1584,0
DA:1587,0
DA:1588,0
DA:1589,0
DA:1590,0
DA:1591,0
DA:1592,0
DA:1594,0
DA:1597,0
DA:1598,0
DA:1601,0
DA:1602,0
DA:1605,0
DA:1610,0
DA:1612,0
DA:1614,0
DA:1616,0
DA:1618,0
DA:1620,0
DA:1621,0
DA:1622,0
DA:1623,0
DA:1624,0
DA:1625,0
DA:1626,0
DA:1627,0
DA:1628,0
DA:1630,0
DA:1633,0
DA:1640,0
DA:1643,0
DA:1646,0
DA:1648,0
DA:1650,0
DA:1651,0
DA:1652,0
DA:1654,0
DA:1655,0
DA:1656,0
DA:1657,0
DA:1659,0
DA:1660,0
DA:1663,0
DA:1667,0
DA:1668,0
DA:1669,0
DA:1670,0
DA:1672,0
DA:1674,0
DA:1677,0
DA:1682,0
DA:1685,0
DA:1688,0
DA:1691,0
DA:1692,0
DA:1724,0
DA:1726,0
DA:1727,0
DA:1728,0
DA:1731,0
DA:1740,0
DA:1741,0
DA:1743,0
DA:1748,0
DA:1751,0
DA:1754,0
DA:1757,0
DA:1758,0
DA:1759,0
DA:1760,0
DA:1762,0
DA:1765,0
DA:1766,0
DA:1767,0
DA:1772,0
DA:1781,0
DA:1786,0
DA:1787,0
DA:1790,0
DA:1791,0
DA:1792,0
DA:1795,0
DA:1797,0
DA:1798,0
DA:1802,0
DA:1804,0
DA:1807,0
DA:1808,0
DA:1813,0
DA:1814,0
DA:1817,0
DA:1836,0
DA:1837,0
DA:1838,0
DA:1839,0
DA:1849,0
DA:1850,0
DA:1851,0
DA:1852,0
DA:1854,0
DA:1855,0
DA:1856,0
DA:1858,0
DA:1860,0
DA:1862,0
DA:1863,0
DA:1864,0
DA:1865,0
DA:1866,0
DA:1867,0
DA:1868,0
DA:1869,0
DA:1870,0
DA:1871,0
DA:1873,0
DA:1883,0
DA:1885,0
DA:1886,0
DA:1887,0
DA:1890,0
DA:1891,0
DA:1892,0
DA:1893,0
DA:1894,0
DA:1895,0
DA:1897,0
DA:1898,0
DA:1899,0
DA:1900,0
DA:1902,0
DA:1903,0
DA:1904,0
DA:1906,0
DA:1907,0
DA:1912,0
DA:1913,0
DA:1921,0
DA:1923,0
DA:1924,0
DA:1925,0
DA:1927,0
DA:1928,0
DA:1930,0
DA:1931,0
DA:1932,0
DA:1933,0
DA:1934,0
DA:1936,0
DA:1937,0
DA:1941,0
DA:1942,0
DA:1944,0
DA:1945,0
DA:1947,0
DA:1948,0
DA:1950,0
DA:1951,0
DA:1952,0
DA:1953,0
DA:1959,0
DA:1960,0
DA:1961,0
DA:1964,0
DA:1965,0
DA:1967,0
DA:1968,0
DA:1971,0
DA:1972,0
DA:1973,0
DA:1976,0
DA:1980,0
DA:1981,0
DA:1982,0
DA:1986,0
DA:1987,0
DA:1988,0
DA:1992,0
DA:1993,0
DA:1996,0
DA:1997,0
DA:2000,0
DA:2004,0
DA:2005,0
DA:2006,0
DA:2008,0
DA:2009,0
DA:2010,0
DA:2011,0
DA:2012,0
DA:2016,0
DA:2019,0
DA:2020,0
DA:2021,0
DA:2025,0
DA:2026,0
DA:2027,0
DA:2029,0
DA:2030,0
DA:2032,0
DA:2034,0
DA:2035,0
DA:2039,0
DA:2040,0
DA:2041,0
DA:2042,0
DA:2044,0
DA:2045,0
DA:2046,0
DA:2052,0
DA:2053,0
DA:2058,0
DA:2059,0
DA:2060,0
DA:2061,0
DA:2062,0
DA:2063,0
DA:2064,0
DA:2065,0
DA:2068,0
DA:2070,0
DA:2073,0
DA:2074,0
DA:2075,0
DA:2076,0
DA:2077,0
DA:2078,0
DA:2081,0
DA:2085,0
DA:2086,0
DA:2087,0
DA:2088,0
DA:2090,0
DA:2093,0
DA:2094,0
DA:2095,0
DA:2096,0
DA:2098,0
DA:2101,0
DA:2102,0
DA:2103,0
DA:2104,0
DA:2106,0
DA:2109,0
DA:2110,0
DA:2111,0
DA:2112,0
DA:2114,0
DA:2120,0
DA:2121,0
DA:2124,0
DA:2126,0
DA:2127,0
DA:2128,0
DA:2129,0
DA:2130,0
DA:2131,0
DA:2132,0
DA:2134,0
DA:2135,0
DA:2136,0
DA:2137,0
DA:2143,0
DA:2144,0
DA:2145,0
DA:2146,0
DA:2147,0
DA:2148,0
DA:2149,0
DA:2151,0
DA:2154,0
DA:2155,0
DA:2156,0
DA:2157,0
DA:2158,0
DA:2159,0
DA:2160,0
DA:2161,0
DA:2163,0
DA:2167,0
DA:2168,0
DA:2171,0
DA:2172,0
DA:2173,0
DA:2174,0
DA:2175,0
DA:2176,0
DA:2177,0
DA:2178,0
DA:2179,0
DA:2189,0
DA:2193,0
DA:2195,0
DA:2208,0
DA:2210,0
DA:2215,0
DA:2216,0
DA:2218,0
DA:2220,0
DA:2223,0
DA:2224,0
DA:2225,0
DA:2226,0
DA:2227,0
DA:2228,0
DA:2229,0
DA:2230,0
DA:2231,0
DA:2233,0
DA:2234,0
DA:2235,0
DA:2237,0
DA:2238,0
DA:2240,0
DA:2241,0
DA:2243,0
DA:2244,0
DA:2245,0
DA:2246,0
DA:2247,0
DA:2248,0
DA:2249,0
DA:2250,0
DA:2252,0
DA:2253,0
DA:2254,0
DA:2255,0
DA:2256,0
DA:2257,0
DA:2258,0
DA:2259,0
DA:2260,0
DA:2261,0
DA:2262,0
DA:2263,0
DA:2264,0
DA:2265,0
DA:2269,0
DA:2270,0
DA:2273,0
DA:2274,0
DA:2276,0
DA:2277,0
DA:2278,0
DA:2279,0
DA:2280,0
DA:2281,0
DA:2285,0
DA:2286,0
DA:2287,0
DA:2288,0
DA:2289,0
DA:2290,0
DA:2291,0
DA:2292,0
DA:2293,0
DA:2294,0
DA:2295,0
DA:2296,0
DA:2297,0
DA:2298,0
DA:2299,0
DA:2300,0
DA:2301,0
DA:2302,0
DA:2303,0
DA:2309,0
DA:2310,0
DA:2311,0
DA:2312,0
DA:2313,0
DA:2314,0
DA:2315,0
DA:2316,0
DA:2319,0
DA:2320,0
DA:2321,0
DA:2322,0
DA:2323,0
DA:2324,0
DA:2325,0
DA:2326,0
DA:2327,0
DA:2328,0
DA:2329,0
DA:2330,0
DA:2331,0
DA:2332,0
DA:2333,0
DA:2334,0
DA:2335,0
DA:2336,0
DA:2337,0
DA:2338,0
DA:2339,0
DA:2340,0
DA:2341,0
DA:2342,0
DA:2343,0
DA:2344,0
DA:2345,0
DA:2347,0
DA:2353,0
DA:2354,0
DA:2356,0
DA:2359,0
DA:2360,0
DA:2361,0
DA:2362,0
DA:2365,0
DA:2367,0
DA:2368,0
DA:2372,0
DA:2373,0
DA:2378,0
DA:2379,0
DA:2380,0
DA:2381,0
DA:2383,0
DA:2384,0
DA:2385,0
DA:2387,0
DA:2390,0
DA:2391,0
DA:2393,0
DA:2396,0
DA:2399,0
DA:2400,0
DA:2401,0
DA:2402,0
DA:2403,0
DA:2406,0
DA:2407,0
DA:2408,0
DA:2418,0
DA:2419,0
DA:2420,0
DA:2421,0
DA:2422,0
DA:2423,0
DA:2425,0
DA:2445,0
DA:2446,0
DA:2449,0
DA:2450,0
DA:2451,0
DA:2452,0
DA:2461,0
DA:2462,0
DA:2465,0
DA:2468,0
DA:2469,0
DA:2471,0
DA:2473,0
DA:2532,0
DA:2533,0
DA:2534,0
DA:2535,0
DA:2557,0
DA:2558,0
DA:2559,0
DA:2560,0
DA:2561,0
LF:565
LH:0
end_of_record
TN:
SF:/home/gius/git/llama-cli/build/_deps/dtl-src/dtl/Diff.hpp
FN:113,115,_ZNK3dtl4DiffINSt7__cxx1112basic_stringIcSt11char_traitsIcESaIcEEESt6vectorIS6_SaIS6_EENS_7CompareIS6_EEE6getSesEv
FN:122,124,_ZNK3dtl4DiffINSt7__cxx1112basic_stringIcSt11char_traitsIcESaIcEEESt6vectorIS6_SaIS6_EENS_7CompareIS6_EEE6isHugeEv
FN:163,165,_ZNK3dtl4DiffINSt7__cxx1112basic_stringIcSt11char_traitsIcESaIcEEESt6vectorIS6_SaIS6_EENS_7CompareIS6_EEE14trivialEnabledEv
FN:260,310,_ZN3dtl4DiffINSt7__cxx1112basic_stringIcSt11char_traitsIcESaIcEEESt6vectorIS6_SaIS6_EENS_7CompareIS6_EEE7composeEv
FN:547,564,_ZN3dtl4DiffINSt7__cxx1112basic_stringIcSt11char_traitsIcESaIcEEESt6vectorIS6_SaIS6_EENS_7CompareIS6_EEE4initEv
FN:569,584,_ZN3dtl4DiffINSt7__cxx1112basic_stringIcSt11char_traitsIcESaIcEEESt6vectorIS6_SaIS6_EENS_7CompareIS6_EEE5snakeERKxSE_SE_
FN:589,669,_ZN3dtl4DiffINSt7__cxx1112basic_stringIcSt11char_traitsIcESaIcEEESt6vectorIS6_SaIS6_EENS_7CompareIS6_EEE14recordSequenceERKS7_INS_5PointESaISD_EE
FN:674,683,_ZN3dtl4DiffINSt7__cxx1112basic_stringIcSt11char_traitsIcESaIcEEESt6vectorIS6_SaIS6_EENS_7CompareIS6_EEE17recordOddSequenceExxN9__gnu_cxx17__normal_iteratorIPKS6_S9_EEi
FN:699,701,_ZNK3dtl4DiffINSt7__cxx1112basic_stringIcSt11char_traitsIcESaIcEEESt6vectorIS6_SaIS6_EENS_7CompareIS6_EEE10wasSwappedEv
FN:75,78,_ZN3dtl4DiffINSt7__cxx1112basic_stringIcSt11char_traitsIcESaIcEEESt6vectorIS6_SaIS6_EENS_7CompareIS6_EEEC2ERKS9_SE_
FN:99,99,_ZN3dtl4DiffINSt7__cxx1112basic_stringIcSt11char_traitsIcESaIcEEESt6vectorIS6_SaIS6_EENS_7CompareIS6_EEED2Ev
FNDA:5,_ZNK3dtl4DiffINSt7__cxx1112basic_stringIcSt11char_traitsIcESaIcEEESt6vectorIS6_SaIS6_EENS_7CompareIS6_EEE6getSesEv
FNDA:5,_ZNK3dtl4DiffINSt7__cxx1112basic_stringIcSt11char_traitsIcESaIcEEESt6vectorIS6_SaIS6_EENS_7CompareIS6_EEE6isHugeEv
FNDA:0,_ZNK3dtl4DiffINSt7__cxx1112basic_stringIcSt11char_traitsIcESaIcEEESt6vectorIS6_SaIS6_EENS_7CompareIS6_EEE14trivialEnabledEv
FNDA:5,_ZN3dtl4DiffINSt7__cxx1112basic_stringIcSt11char_traitsIcESaIcEEESt6vectorIS6_SaIS6_EENS_7CompareIS6_EEE7composeEv
FNDA:5,_ZN3dtl4DiffINSt7__cxx1112basic_stringIcSt11char_traitsIcESaIcEEESt6vectorIS6_SaIS6_EENS_7CompareIS6_EEE4initEv
FNDA:20,_ZN3dtl4DiffINSt7__cxx1112basic_stringIcSt11char_traitsIcESaIcEEESt6vectorIS6_SaIS6_EENS_7CompareIS6_EEE5snakeERKxSE_SE_
FNDA:5,_ZN3dtl4DiffINSt7__cxx1112basic_stringIcSt11char_traitsIcESaIcEEESt6vectorIS6_SaIS6_EENS_7CompareIS6_EEE14recordSequenceERKS7_INS_5PointESaISD_EE
FNDA:0,_ZN3dtl4DiffINSt7__cxx1112basic_stringIcSt11char_traitsIcESaIcEEESt6vectorIS6_SaIS6_EENS_7CompareIS6_EEE17recordOddSequenceExxN9__gnu_cxx17__normal_iteratorIPKS6_S9_EEi
FNDA:14,_ZNK3dtl4DiffINSt7__cxx1112basic_stringIcSt11char_traitsIcESaIcEEESt6vectorIS6_SaIS6_EENS_7CompareIS6_EEE10wasSwappedEv
FNDA:5,_ZN3dtl4DiffINSt7__cxx1112basic_stringIcSt11char_traitsIcESaIcEEESt6vectorIS6_SaIS6_EENS_7CompareIS6_EEEC2ERKS9_SE_
FNDA:5,_ZN3dtl4DiffINSt7__cxx1112basic_stringIcSt11char_traitsIcESaIcEEESt6vectorIS6_SaIS6_EENS_7CompareIS6_EEED2Ev
FNF:11
FNH:9
DA:75,5
DA:76,5
DA:77,5
DA:78,5
DA:99,5
DA:113,5
DA:114,5
DA:122,5
DA:123,5
DA:163,0
DA:164,0
DA:260,5
DA:262,5
DA:263,0
DA:265,5
DA:266,5
DA:267,5
DA:268,5
DA:269,5
DA:270,5
DA:271,5
DA:272,5
DA:274,10
DA:275,15
DA:276,5
DA:278,15
DA:279,5
DA:281,10
DA:282,10
DA:284,5
DA:285,5
DA:287,5
DA:290,5
DA:291,0
DA:292,0
DA:295,20
DA:296,15
DA:297,15
DA:298,15
DA:299,15
DA:303,5
DA:304,0
DA:305,0
DA:306,0
DA:307,0
DA:309,5
DA:310,5
DA:547,5
DA:548,5
DA:549,5
DA:550,5
DA:551,0
DA:553,5
DA:554,5
DA:555,5
DA:557,5
DA:558,5
DA:559,5
DA:560,5
DA:561,5
DA:562,5
DA:563,5
DA:564,5
DA:569,20
DA:570,20
DA:571,20
DA:572,20
DA:573,24
DA:574,4
DA:577,20
DA:578,20
DA:580,20
DA:581,20
DA:583,20
DA:589,5
DA:590,5
DA:591,5
DA:594,5
DA:595,5
DA:596,5
DA:597,20
DA:598,29
DA:599,14
DA:600,5
DA:601,0
DA:603,5
DA:605,5
DA:606,5
DA:607,5
DA:608,9
DA:609,5
DA:610,0
DA:612,5
DA:614,5
DA:615,5
DA:616,5
DA:618,4
DA:619,0
DA:620,0
DA:622,4
DA:623,4
DA:625,4
DA:626,4
DA:627,4
DA:628,4
DA:629,4
DA:630,4
DA:633,15
DA:636,5
DA:640,0
DA:641,0
DA:642,0
DA:643,0
DA:645,0
DA:646,0
DA:648,0
DA:652,0
DA:653,0
DA:654,0
DA:655,0
DA:656,0
DA:657,0
DA:658,0
DA:659,0
DA:660,0
DA:661,0
DA:662,0
DA:663,0
DA:664,0
DA:665,0
DA:666,0
DA:667,0
DA:668,5
DA:674,0
DA:675,0
DA:676,0
DA:677,0
DA:678,0
DA:679,0
DA:681,0
DA:682,0
DA:683,0
DA:699,14
DA:700,14
LF:144
LH:98
end_of_record
TN:
SF:/home/gius/git/llama-cli/build/_deps/dtl-src/dtl/Lcs.hpp
FN:50,50,_ZN3dtl3LcsINSt7__cxx1112basic_stringIcSt11char_traitsIcESaIcEEEEC2Ev
FN:51,51,_ZN3dtl3LcsINSt7__cxx1112basic_stringIcSt11char_traitsIcESaIcEEEED0Ev
FN:51,51,_ZN3dtl3LcsINSt7__cxx1112basic_stringIcSt11char_traitsIcESaIcEEEED2Ev
FNDA:5,_ZN3dtl3LcsINSt7__cxx1112basic_stringIcSt11char_traitsIcESaIcEEEEC2Ev
FNDA:0,_ZN3dtl3LcsINSt7__cxx1112basic_stringIcSt11char_traitsIcESaIcEEEED0Ev
FNDA:5,_ZN3dtl3LcsINSt7__cxx1112basic_stringIcSt11char_traitsIcESaIcEEEED2Ev
FNF:3
FNH:2
DA:50,5
DA:51,5
LF:2
LH:2
end_of_record
TN:
SF:/home/gius/git/llama-cli/build/_deps/dtl-src/dtl/Sequence.hpp
FN:51,51,_ZN3dtl8SequenceINSt7__cxx1112basic_stringIcSt11char_traitsIcESaIcEEEEC2Ev
FN:52,52,_ZN3dtl8SequenceINSt7__cxx1112basic_stringIcSt11char_traitsIcESaIcEEEED0Ev
FN:52,52,_ZN3dtl8SequenceINSt7__cxx1112basic_stringIcSt11char_traitsIcESaIcEEEED2Ev
FN:57,59,_ZN3dtl8SequenceINSt7__cxx1112basic_stringIcSt11char_traitsIcESaIcEEEE11addSequenceES6_
FNDA:10,_ZN3dtl8SequenceINSt7__cxx1112basic_stringIcSt11char_traitsIcESaIcEEEEC2Ev
FNDA:0,_ZN3dtl8SequenceINSt7__cxx1112basic_stringIcSt11char_traitsIcESaIcEEEED0Ev
FNDA:15,_ZN3dtl8SequenceINSt7__cxx1112basic_stringIcSt11char_traitsIcESaIcEEEED2Ev
FNDA:4,_ZN3dtl8SequenceINSt7__cxx1112basic_stringIcSt11char_traitsIcESaIcEEEE11addSequenceES6_
FNF:4
FNH:3
DA:51,10
DA:52,15
DA:57,4
DA:58,4
DA:59,4
LF:5
LH:5
end_of_record
TN:
SF:/home/gius/git/llama-cli/build/_deps/dtl-src/dtl/Ses.hpp
FN:119,121,_ZNK3dtl3SesINSt7__cxx1112basic_stringIcSt11char_traitsIcESaIcEEEE11getSequenceEv
FN:57,59,_ZN3dtl3SesINSt7__cxx1112basic_stringIcSt11char_traitsIcESaIcEEEEC2Eb
FN:60,60,_ZN3dtl3SesINSt7__cxx1112basic_stringIcSt11char_traitsIcESaIcEEEED0Ev
FN:60,60,_ZN3dtl3SesINSt7__cxx1112basic_stringIcSt11char_traitsIcESaIcEEEED2Ev
FN:83,117,_ZN3dtl3SesINSt7__cxx1112basic_stringIcSt11char_traitsIcESaIcEEEE11addSequenceES6_xxi
FNDA:5,_ZNK3dtl3SesINSt7__cxx1112basic_stringIcSt11char_traitsIcESaIcEEEE11getSequenceEv
FNDA:5,_ZN3dtl3SesINSt7__cxx1112basic_stringIcSt11char_traitsIcESaIcEEEEC2Eb
FNDA:0,_ZN3dtl3SesINSt7__cxx1112basic_stringIcSt11char_traitsIcESaIcEEEED0Ev
FNDA:10,_ZN3dtl3SesINSt7__cxx1112basic_stringIcSt11char_traitsIcESaIcEEEED2Ev
FNDA:14,_ZN3dtl3SesINSt7__cxx1112basic_stringIcSt11char_traitsIcESaIcEEEE11addSequenceES6_xxi
FNF:5
FNH:4
DA:57,5
DA:58,5
DA:59,5
DA:60,10
DA:83,14
DA:85,14
DA:86,14
DA:87,14
DA:88,14
DA:89,14
DA:90,14
DA:92,14
DA:93,5
DA:94,5
DA:95,5
DA:96,5
DA:97,0
DA:98,0
DA:100,5
DA:101,4
DA:102,4
DA:103,4
DA:104,4
DA:105,0
DA:106,0
DA:108,4
DA:109,5
DA:110,5
DA:111,5
DA:112,5
DA:113,0
DA:115,5
DA:117,14
DA:119,5
DA:120,5
LF:35
LH:30
end_of_record
TN:
SF:/home/gius/git/llama-cli/build/_deps/dtl-src/dtl/functors.hpp
FN:143,143,_ZN3dtl7CompareINSt7__cxx1112basic_stringIcSt11char_traitsIcESaIcEEEEC2Ev
FN:144,144,_ZN3dtl7CompareINSt7__cxx1112basic_stringIcSt11char_traitsIcESaIcEEEED0Ev
FN:144,144,_ZN3dtl7CompareINSt7__cxx1112basic_stringIcSt11char_traitsIcESaIcEEEED2Ev
FN:145,147,_ZNK3dtl7CompareINSt7__cxx1112basic_stringIcSt11char_traitsIcESaIcEEEE4implERKS6_S9_
FNDA:5,_ZN3dtl7CompareINSt7__cxx1112basic_stringIcSt11char_traitsIcESaIcEEEEC2Ev
FNDA:0,_ZN3dtl7CompareINSt7__cxx1112basic_stringIcSt11char_traitsIcESaIcEEEED0Ev
FNDA:5,_ZN3dtl7CompareINSt7__cxx1112basic_stringIcSt11char_traitsIcESaIcEEEED2Ev
FNDA:13,_ZNK3dtl7CompareINSt7__cxx1112basic_stringIcSt11char_traitsIcESaIcEEEE4implERKS6_S9_
FNF:4
FNH:3
DA:143,5
DA:144,5
DA:145,13
DA:146,13
LF:4
LH:4
end_of_record
TN:
SF:/home/gius/git/llama-cli/build/_deps/httplib-src/httplib.h
FN:10244,10246,_ZN7httplib6Client16set_read_timeoutEll
FN:1163,1166,_ZN7httplib6ResultC2EOSt10unique_ptrINS_8ResponseESt14default_deleteIS2_EENS_5ErrorEOSt18unordered_multimapINSt7__cxx1112basic_stringIcSt11char_traitsIcESaIcEEESE_NS_6detail11case_ignore4hashENSG_8equal_toESaISt4pairIKSE_SE_EEE
FN:1168,1168,_ZNK7httplib6ResultcvbEv
FN:1176,1176,_ZN7httplib6ResultptEv
FN:1475,1475,_ZNK7httplib10ClientImpl6Socket7is_openEv
FN:2018,2020,_ZN7httplib6detail10is_numericERKNSt7__cxx1112basic_stringIcSt11char_traitsIcESaIcEEE
FN:2022,2037,_ZN7httplib6detail20get_header_value_u64ERKSt18unordered_multimapINSt7__cxx1112basic_stringIcSt11char_traitsIcESaIcEEES7_NS0_11case_ignore4hashENS8_8equal_toESaISt4pairIKS7_S7_EEERSC_mmRb
FN:2039,2044,_ZN7httplib6detail20get_header_value_u64ERKSt18unordered_multimapINSt7__cxx1112basic_stringIcSt11char_traitsIcESaIcEEES7_NS0_11case_ignore4hashENS8_8equal_toESaISt4pairIKS7_S7_EEERSC_mm
FN:2048,2051,_ZNK7httplib7Request20get_header_value_u64ERKNSt7__cxx1112basic_stringIcSt11char_traitsIcESaIcEEEmm
FN:2053,2056,_ZNK7httplib8Response20get_header_value_u64ERKNSt7__cxx1112basic_stringIcSt11char_traitsIcESaIcEEEmm
FN:2074,2148,_ZN7httplib14status_messageEi
FN:2376,2376,_ZN7httplib6detail12BufferStreamC2Ev
FN:2377,2377,_ZN7httplib6detail12BufferStreamD0Ev
FN:2377,2377,_ZN7httplib6detail12BufferStreamD2Ev
FN:2396,2396,_ZN7httplib6detail10compressorD0Ev
FN:2396,2396,_ZN7httplib6detail10compressorD2Ev
FN:2405,2405,_ZN7httplib6detail12decompressorD0Ev
FN:2405,2405,_ZN7httplib6detail12decompressorD2Ev
FN:2416,2416,_ZN7httplib6detail12nocompressorD0Ev
FN:2416,2416,_ZN7httplib6detail12nocompressorD2Ev
FN:2529,2533,_ZN7httplib6detail6fields13is_token_charEc
FN:2535,2541,_ZN7httplib6detail6fields8is_tokenERKNSt7__cxx1112basic_stringIcSt11char_traitsIcESaIcEEE
FN:2543,2543,_ZN7httplib6detail6fields13is_field_nameERKNSt7__cxx1112basic_stringIcSt11char_traitsIcESaIcEEE
FN:2545,2545,_ZN7httplib6detail6fields8is_vcharEc
FN:2547,2547,_ZN7httplib6detail6fields11is_obs_textEc
FN:2549,2549,_ZN7httplib6detail6fields14is_field_vcharEc
FN:2551,2574,_ZN7httplib6detail6fields16is_field_contentERKNSt7__cxx1112basic_stringIcSt11char_traitsIcESaIcEEE
FN:2576,2576,_ZN7httplib6detail6fields14is_field_valueERKNSt7__cxx1112basic_stringIcSt11char_traitsIcESaIcEEE
FN:2590,2602,_ZN7httplib6detail6is_hexEcRi
FN:2604,2619,_ZN7httplib6detail13from_hex_to_iERKNSt7__cxx1112basic_stringIcSt11char_traitsIcESaIcEEEmmRi
FN:2621,2629,_ZN7httplib6detail13from_i_to_hexB5cxx11Em
FN:2631,2661,_ZN7httplib6detail7to_utf8EiPc
FN:2665,2691,_ZN7httplib6detail13base64_encodeERKNSt7__cxx1112basic_stringIcSt11char_traitsIcESaIcEEE
FN:2693,2733,_ZN7httplib6detail13is_valid_pathERKNSt7__cxx1112basic_stringIcSt11char_traitsIcESaIcEEE
FN:2735,2742,_ZN7httplib6detail8FileStatC2ERKNSt7__cxx1112basic_stringIcSt11char_traitsIcESaIcEEE
FN:2743,2745,_ZNK7httplib6detail8FileStat7is_fileEv
FN:2746,2748,_ZNK7httplib6detail8FileStat6is_dirEv
FN:2750,2769,_ZN7httplib6detail18encode_query_paramERKNSt7__cxx1112basic_stringIcSt11char_traitsIcESaIcEEE
FN:2771,2801,_ZN7httplib6detail10encode_urlERKNSt7__cxx1112basic_stringIcSt11char_traitsIcESaIcEEE
FN:2803,2838,_ZN7httplib6detail10decode_urlERKNSt7__cxx1112basic_stringIcSt11char_traitsIcESaIcEEEb
FN:2849,2854,_ZN7httplib6detail14file_extensionERKNSt7__cxx1112basic_stringIcSt11char_traitsIcESaIcEEE
FN:2856,2856,_ZN7httplib6detail15is_space_or_tabEc
FN:2858,2867,_ZN7httplib6detail4trimEPKcS2_mm
FN:2869,2872,_ZN7httplib6detail9trim_copyERKNSt7__cxx1112basic_stringIcSt11char_traitsIcESaIcEEE
FN:2874,2879,_ZN7httplib6detail23trim_double_quotes_copyERKNSt7__cxx1112basic_stringIcSt11char_traitsIcESaIcEEE
FN:2882,2893,_ZN7httplib6detail6divideEPKcmcSt8functionIFvS2_mS2_mEE
FN:2896,2900,_ZN7httplib6detail6divideERKNSt7__cxx1112basic_stringIcSt11char_traitsIcESaIcEEEcSt8functionIFvPKcmSB_mEE
FN:2902,2905,_ZN7httplib6detail5splitEPKcS2_cSt8functionIFvS2_S2_EE
FN:2907,2927,_ZN7httplib6detail5splitEPKcS2_cmSt8functionIFvS2_S2_EE
FN:2929,2932,_ZN7httplib6detail18stream_line_readerC2ERNS_6StreamEPcm
FN:2934,2940,_ZNK7httplib6detail18stream_line_reader3ptrEv
FN:2942,2948,_ZNK7httplib6detail18stream_line_reader4sizeEv
FN:2950,2953,_ZNK7httplib6detail18stream_line_reader13end_with_crlfEv
FN:2955,2988,_ZN7httplib6detail18stream_line_reader7getlineEv
FN:2990,3001,_ZN7httplib6detail18stream_line_reader6appendEc
FN:3003,3003,_ZN7httplib6detail4mmapC2EPKc
FN:3005,3005,_ZN7httplib6detail4mmapD2Ev
FN:3007,3087,_ZN7httplib6detail4mmap4openEPKc
FN:3089,3091,_ZNK7httplib6detail4mmap7is_openEv
FN:3093,3093,_ZNK7httplib6detail4mmap4sizeEv
FN:3095,3097,_ZNK7httplib6detail4mmap4dataEv
FN:3099,3129,_ZN7httplib6detail4mmap5closeEv
FN:3130,3136,_ZN7httplib6detail12close_socketEi
FN:3138,3149,_ZN7httplib6detail12handle_EINTRIZNS0_11read_socketEiPvmiEUlvE_EElT_
FN:3138,3149,_ZN7httplib6detail12handle_EINTRIZNS0_11select_readEillEUlvE_EElT_
FN:3138,3149,_ZN7httplib6detail12handle_EINTRIZNS0_11send_socketEiPKvmiEUlvE_EElT_
FN:3138,3149,_ZN7httplib6detail12handle_EINTRIZNS0_12select_writeEillEUlvE_EElT_
FN:3138,3149,_ZN7httplib6detail12handle_EINTRIZNS0_26wait_until_socket_is_readyEillEUlvE_EElT_
FN:3151,3161,_ZN7httplib6detail11read_socketEiPvmi
FN:3152,3160,_ZZN7httplib6detail11read_socketEiPvmiENKUlvE_clEv
FN:3163,3174,_ZN7httplib6detail11send_socketEiPKvmi
FN:3165,3173,_ZZN7httplib6detail11send_socketEiPKvmiENKUlvE_clEv
FN:3176,3202,_ZN7httplib6detail11select_readEill
FN:3198,3200,_ZZN7httplib6detail11select_readEillENKUlvE_clEv
FN:3204,3230,_ZN7httplib6detail12select_writeEill
FN:3226,3228,_ZZN7httplib6detail12select_writeEillENKUlvE_clEv
FN:3232,3287,_ZN7httplib6detail26wait_until_socket_is_readyEill
FN:3271,3273,_ZZN7httplib6detail26wait_until_socket_is_readyEillENKUlvE_clEv
FN:3289,3298,_ZN7httplib6detail15is_socket_aliveEi
FN:335,337,_ZN7httplib6detail11make_uniqueINS0_12nocompressorEJEEENSt9enable_ifIXntsrSt8is_arrayIT_E5valueESt10unique_ptrIS5_St14default_deleteIS5_EEE4typeEDpOT0_
FN:335,337,_ZN7httplib6detail11make_uniqueINS0_15gzip_compressorEJEEENSt9enable_ifIXntsrSt8is_arrayIT_E5valueESt10unique_ptrIS5_St14default_deleteIS5_EEE4typeEDpOT0_
FN:335,337,_ZN7httplib6detail11make_uniqueINS0_17gzip_decompressorEJEEENSt9enable_ifIXntsrSt8is_arrayIT_E5valueESt10unique_ptrIS5_St14default_deleteIS5_EEE4typeEDpOT0_
FN:335,337,_ZN7httplib6detail11make_uniqueINS_10ClientImplEJRKNSt7__cxx1112basic_stringIcSt11char_traitsIcESaIcEEEiSA_SA_EEENSt9enable_ifIXntsrSt8is_arrayIT_E5valueESt10unique_ptrISD_St14default_deleteISD_EEE4typeEDpOT0_
FN:335,337,_ZN7httplib6detail11make_uniqueINS_10ClientImplEJRNSt7__cxx1112basic_stringIcSt11char_traitsIcESaIcEEERiRKS8_SC_EEENSt9enable_ifIXntsrSt8is_arrayIT_E5valueESt10unique_ptrISF_St14default_deleteISF_EEE4typeEDpOT0_
FN:335,337,_ZN7httplib6detail11make_uniqueINS_8ResponseEJEEENSt9enable_ifIXntsrSt8is_arrayIT_E5valueESt10unique_ptrIS5_St14default_deleteIS5_EEE4typeEDpOT0_
FN:335,337,_ZN7httplib6detail11make_uniqueINS_9SSLClientEJRNSt7__cxx1112basic_stringIcSt11char_traitsIcESaIcEEERiRKS8_SC_EEENSt9enable_ifIXntsrSt8is_arrayIT_E5valueESt10unique_ptrISF_St14default_deleteISF_EEE4typeEDpOT0_
FN:3354,3385,_ZN7httplib6detail10keep_aliveERKSt6atomicIiEil
FN:3389,3403,_ZN7httplib6detail26process_server_socket_coreIZNS0_21process_server_socketIZNS_6Server24process_and_close_socketEiEUlRNS_6StreamEbRbE_EEbRKSt6atomicIiEimlllllT_EUlbS6_E_EEbSB_imlSC_
FN:3389,3403,_ZN7httplib6detail26process_server_socket_coreIZNS0_25process_server_socket_sslIZNS_9SSLServer24process_and_close_socketEiEUlRNS_6StreamEbRbE_EEbRKSt6atomicIiEP6ssl_stimlllllT_EUlbS6_E_EEbSB_imlSE_
FN:3407,3419,_ZN7httplib6detail21process_server_socketIZNS_6Server24process_and_close_socketEiEUlRNS_6StreamEbRbE_EEbRKSt6atomicIiEimlllllT_
FN:3414,3414,_ZZN7httplib6detail21process_server_socketIZNS_6Server24process_and_close_socketEiEUlRNS_6StreamEbRbE_EEbRKSt6atomicIiEimlllllT_ENKUlbS5_E_clEbS5_
FN:3421,3429,_ZN7httplib6detail21process_client_socketEillllSt8functionIFbRNS_6StreamEEE
FN:3431,3437,_ZN7httplib6detail15shutdown_socketEi
FN:3439,3446,_ZN7httplib6detail37escape_abstract_namespace_unix_domainERKNSt7__cxx1112basic_stringIcSt11char_traitsIcESaIcEEE
FN:3449,3456,_ZN7httplib6detail39unescape_abstract_namespace_unix_domainERKNSt7__cxx1112basic_stringIcSt11char_traitsIcESaIcEEE
FN:3459,3608,_ZN7httplib6detail13create_socketIZNS0_20create_client_socketERKNSt7__cxx1112basic_stringIcSt11char_traitsIcESaIcEEES9_iibbSt8functionIFviEEllllllS9_RNS_5ErrorEEUliR8addrinfoRbE_EEiS9_S9_iiibbSC_T_
FN:348,370,_ZN7httplib6detail11case_ignore8to_lowerEi
FN:3530,3530,_ZZN7httplib6detail13create_socketIZNS0_20create_client_socketERKNSt7__cxx1112basic_stringIcSt11char_traitsIcESaIcEEES9_iibbSt8functionIFviEEllllllS9_RNS_5ErrorEEUliR8addrinfoRbE_EEiS9_S9_iiibbSC_T_ENKUlvE_clEv
FN:3610,3619,_ZN7httplib6detail15set_nonblockingEib
FN:3621,3627,_ZN7httplib6detail19is_connection_errorEv
FN:3629,3651,_ZN7httplib6detail15bind_ip_addressEiRKNSt7__cxx1112basic_stringIcSt11char_traitsIcESaIcEEE
FN:3639,3639,_ZZN7httplib6detail15bind_ip_addressEiRKNSt7__cxx1112basic_stringIcSt11char_traitsIcESaIcEEEENKUlvE_clEv
FN:3658,3692,_ZN7httplib6detail5if2ipEiRKNSt7__cxx1112basic_stringIcSt11char_traitsIcESaIcEEE
FN:3661,3661,_ZZN7httplib6detail5if2ipEiRKNSt7__cxx1112basic_stringIcSt11char_traitsIcESaIcEEEENKUlvE_clEv
FN:3695,3778,_ZN7httplib6detail20create_client_socketERKNSt7__cxx1112basic_stringIcSt11char_traitsIcESaIcEEES8_iibbSt8functionIFviEEllllllS8_RNS_5ErrorE
FN:3705,3769,_ZZN7httplib6detail20create_client_socketERKNSt7__cxx1112basic_stringIcSt11char_traitsIcESaIcEEES8_iibbSt8functionIFviEEllllllS8_RNS_5ErrorEENKUliR8addrinfoRbE_clEiSF_SG_
FN:372,377,_ZN7httplib6detail11case_ignore5equalERKNSt7__cxx1112basic_stringIcSt11char_traitsIcESaIcEEES9_
FN:374,376,_ZZN7httplib6detail11case_ignore5equalERKNSt7__cxx1112basic_stringIcSt11char_traitsIcESaIcEEES9_ENKUlccE_clEcc
FN:3780,3800,_ZN7httplib6detail15get_ip_and_portERK16sockaddr_storagejRNSt7__cxx1112basic_stringIcSt11char_traitsIcESaIcEEERi
FN:380,382,_ZNK7httplib6detail11case_ignore8equal_toclERKNSt7__cxx1112basic_stringIcSt11char_traitsIcESaIcEEESA_
FN:3802,3809,_ZN7httplib6detail21get_local_ip_and_portEiRNSt7__cxx1112basic_stringIcSt11char_traitsIcESaIcEEERi
FN:3811,3837,_ZN7httplib6detail22get_remote_ip_and_portEiRNSt7__cxx1112basic_stringIcSt11char_traitsIcESaIcEEERi
FN:3839,3849,_ZN7httplib6detail12str2tag_coreEPKcmj
FN:3851,3853,_ZN7httplib6detail7str2tagERKNSt7__cxx1112basic_stringIcSt11char_traitsIcESaIcEEE
FN:386,388,_ZNK7httplib6detail11case_ignore4hashclERKNSt7__cxx1112basic_stringIcSt11char_traitsIcESaIcEEE
FN:3864,3927,_ZN7httplib6detail17find_content_typeERKNSt7__cxx1112basic_stringIcSt11char_traitsIcESaIcEEERKSt3mapIS6_S6_St4lessIS6_ESaISt4pairIS7_S6_EEES8_
FN:390,398,_ZNK7httplib6detail11case_ignore4hash9hash_coreEPKcmm
FN:3929,3946,_ZN7httplib6detail25can_compress_content_typeERKNSt7__cxx1112basic_stringIcSt11char_traitsIcESaIcEEE
FN:3948,3969,_ZN7httplib6detail13encoding_typeERKNS_7RequestERKNS_8ResponseE
FN:3971,3975,_ZN7httplib6detail12nocompressor8compressEPKcmbSt8functionIFbS3_mEE
FN:3978,3986,_ZN7httplib6detail15gzip_compressorC2Ev
FN:3988,3988,_ZN7httplib6detail15gzip_compressorD0Ev
FN:3988,3988,_ZN7httplib6detail15gzip_compressorD2Ev
FN:3990,4027,_ZN7httplib6detail15gzip_compressor8compressEPKcmbSt8functionIFbS3_mEE
FN:4029,4040,_ZN7httplib6detail17gzip_decompressorC2Ev
FN:4042,4042,_ZN7httplib6detail17gzip_decompressorD0Ev
FN:4042,4042,_ZN7httplib6detail17gzip_decompressorD2Ev
FN:4044,4044,_ZNK7httplib6detail17gzip_decompressor8is_validEv
FN:4046,4087,_ZN7httplib6detail17gzip_decompressor10decompressEPKcmSt8functionIFbS3_mEE
FN:407,408,_ZN7httplib6detail10scope_exitC2EOSt8functionIFvvEE
FN:416,418,_ZN7httplib6detail10scope_exitD2Ev
FN:4176,4178,_ZN7httplib6detail10has_headerERKSt18unordered_multimapINSt7__cxx1112basic_stringIcSt11char_traitsIcESaIcEEES7_NS0_11case_ignore4hashENS8_8equal_toESaISt4pairIKS7_S7_EEERSC_
FN:4180,4188,_ZN7httplib6detail16get_header_valueERKSt18unordered_multimapINSt7__cxx1112basic_stringIcSt11char_traitsIcESaIcEEES7_NS0_11case_ignore4hashENS8_8equal_toESaISt4pairIKS7_S7_EEERSC_PKcm
FN:4191,4236,_ZN7httplib6detail12parse_headerIZNS0_12read_headersERNS_6StreamERSt18unordered_multimapINSt7__cxx1112basic_stringIcSt11char_traitsIcESaIcEEESA_NS0_11case_ignore4hashENSB_8equal_toESaISt4pairIKSA_SA_EEEEUlRSF_SK_E_EEbPKcSN_T_
FN:4191,4236,_ZN7httplib6detail12parse_headerIZNS0_20read_content_chunkedINS_7RequestEEEbRNS_6StreamERT_St8functionIFbPKcmmmEEEUlRKNSt7__cxx1112basic_stringIcSt11char_traitsIcESaIcEEESK_E_EEbSA_SA_S6_
FN:4191,4236,_ZN7httplib6detail12parse_headerIZNS0_20read_content_chunkedINS_8ResponseEEEbRNS_6StreamERT_St8functionIFbPKcmmmEEEUlRKNSt7__cxx1112basic_stringIcSt11char_traitsIcESaIcEEESK_E_EEbSA_SA_S6_
FN:4191,4236,_ZN7httplib6detail12parse_headerIZNS0_23MultipartFormDataParser5parseEPKcmRKSt8functionIFbS4_mEERKS5_IFbRKNS_17MultipartFormDataEEEEUlRKNSt7__cxx1112basic_stringIcSt11char_traitsIcESaIcEEESO_E_EEbS4_S4_T_
FN:4238,4275,_ZN7httplib6detail12read_headersERNS_6StreamERSt18unordered_multimapINSt7__cxx1112basic_stringIcSt11char_traitsIcESaIcEEES9_NS0_11case_ignore4hashENSA_8equal_toESaISt4pairIKS9_S9_EEE
FN:4267,4269,_ZZN7httplib6detail12read_headersERNS_6StreamERSt18unordered_multimapINSt7__cxx1112basic_stringIcSt11char_traitsIcESaIcEEES9_NS0_11case_ignore4hashENSA_8equal_toESaISt4pairIKS9_S9_EEEENKUlRSE_SJ_E_clESJ_SJ_
FN:4277,4297,_ZN7httplib6detail24read_content_with_lengthERNS_6StreamEmSt8functionIFbmmEES3_IFbPKcmmmEE
FN:4299,4308,_ZN7httplib6detail24skip_content_with_lengthERNS_6StreamEm
FN:4310,4323,_ZN7httplib6detail27read_content_without_lengthERNS_6StreamESt8functionIFbPKcmmmEE
FN:4326,4389,_ZN7httplib6detail20read_content_chunkedINS_7RequestEEEbRNS_6StreamERT_St8functionIFbPKcmmmEE
FN:4326,4389,_ZN7httplib6detail20read_content_chunkedINS_8ResponseEEEbRNS_6StreamERT_St8functionIFbPKcmmmEE
FN:4381,4381,_ZZN7httplib6detail20read_content_chunkedINS_7RequestEEEbRNS_6StreamERT_St8functionIFbPKcmmmEEENKUlRKNSt7__cxx1112basic_stringIcSt11char_traitsIcESaIcEEESJ_E_clESJ_SJ_
FN:4381,4381,_ZZN7httplib6detail20read_content_chunkedINS_8ResponseEEEbRNS_6StreamERT_St8functionIFbPKcmmmEEENKUlRKNSt7__cxx1112basic_stringIcSt11char_traitsIcESaIcEEESJ_E_clESJ_SJ_
FN:4391,4394,_ZN7httplib6detail28is_chunked_transfer_encodingERKSt18unordered_multimapINSt7__cxx1112basic_stringIcSt11char_traitsIcESaIcEEES7_NS0_11case_ignore4hashENS8_8equal_toESaISt4pairIKS7_S7_EEE
FN:4397,4442,_ZN7httplib6detail24prepare_content_receiverINS_7RequestEZNS0_12read_contentIS2_EEbRNS_6StreamERT_mRiSt8functionIFbmmEES9_IFbPKcmmmEEbEUlRKSF_E_EEbS7_S8_SF_bT0_
FN:4397,4442,_ZN7httplib6detail24prepare_content_receiverINS_8ResponseEZNS0_12read_contentIS2_EEbRNS_6StreamERT_mRiSt8functionIFbmmEES9_IFbPKcmmmEEbEUlRKSF_E_EEbS7_S8_SF_bT0_
FN:4422,4422,_ZZN7httplib6detail24prepare_content_receiverINS_7RequestEZNS0_12read_contentIS2_EEbRNS_6StreamERT_mRiSt8functionIFbmmEES9_IFbPKcmmmEEbEUlRKSF_E_EEbS7_S8_SF_bT0_ENKUlSD_mmmE_clESD_mmm
FN:4422,4422,_ZZN7httplib6detail24prepare_content_receiverINS_8ResponseEZNS0_12read_contentIS2_EEbRNS_6StreamERT_mRiSt8functionIFbmmEES9_IFbPKcmmmEEbEUlRKSF_E_EEbS7_S8_SF_bT0_ENKUlSD_mmmE_clESD_mmm
FN:4425,4425,_ZZZN7httplib6detail24prepare_content_receiverINS_7RequestEZNS0_12read_contentIS2_EEbRNS_6StreamERT_mRiSt8functionIFbmmEES9_IFbPKcmmmEEbEUlRKSF_E_EEbS7_S8_SF_bT0_ENKUlSD_mmmE_clESD_mmmENKUlSD_mE_clESD_m
FN:4425,4425,_ZZZN7httplib6detail24prepare_content_receiverINS_8ResponseEZNS0_12read_contentIS2_EEbRNS_6StreamERT_mRiSt8functionIFbmmEES9_IFbPKcmmmEEbEUlRKSF_E_EEbS7_S8_SF_bT0_ENKUlSD_mmmE_clESD_mmmENKUlSD_mE_clESD_m
FN:4437,4437,_ZZN7httplib6detail24prepare_content_receiverINS_7RequestEZNS0_12read_contentIS2_EEbRNS_6StreamERT_mRiSt8functionIFbmmEES9_IFbPKcmmmEEbEUlRKSF_E_EEbS7_S8_SF_bT0_ENKUlSD_mmmE0_clESD_mmm
FN:4437,4437,_ZZN7httplib6detail24prepare_content_receiverINS_8ResponseEZNS0_12read_contentIS2_EEbRNS_6StreamERT_mRiSt8functionIFbmmEES9_IFbPKcmmmEEbEUlRKSF_E_EEbS7_S8_SF_bT0_ENKUlSD_mmmE0_clESD_mmm
FN:4445,4481,_ZN7httplib6detail12read_contentINS_7RequestEEEbRNS_6StreamERT_mRiSt8functionIFbmmEES8_IFbPKcmmmEEb
FN:4445,4481,_ZN7httplib6detail12read_contentINS_8ResponseEEEbRNS_6StreamERT_mRiSt8functionIFbmmEES8_IFbPKcmmmEEb
FN:4450,4450,_ZZN7httplib6detail12read_contentINS_7RequestEEEbRNS_6StreamERT_mRiSt8functionIFbmmEES8_IFbPKcmmmEEbENKUlRKSE_E_clESG_
FN:4450,4450,_ZZN7httplib6detail12read_contentINS_8ResponseEEEbRNS_6StreamERT_mRiSt8functionIFbmmEES8_IFbPKcmmmEEbENKUlRKSE_E_clESG_
FN:4483,4490,_ZN7httplib6detail18write_request_lineERNS_6StreamERKNSt7__cxx1112basic_stringIcSt11char_traitsIcESaIcEEESA_
FN:4492,4499,_ZN7httplib6detail19write_response_lineERNS_6StreamEi
FN:4501,4518,_ZN7httplib6detail13write_headersERNS_6StreamERKSt18unordered_multimapINSt7__cxx1112basic_stringIcSt11char_traitsIcESaIcEEES9_NS0_11case_ignore4hashENSA_8equal_toESaISt4pairIKS9_S9_EEE
FN:4520,4528,_ZN7httplib6detail10write_dataERNS_6StreamEPKcm
FN:4531,4566,_ZN7httplib6detail13write_contentIZNKS_10ClientImpl27write_content_with_providerERNS_6StreamERKNS_7RequestERNS_5ErrorEEUlvE_EEbS4_RKSt8functionIFbmmRNS_8DataSinkEEEmmT_S9_
FN:4531,4566,_ZN7httplib6detail13write_contentIZNS_6Server27write_content_with_providerERNS_6StreamERKNS_7RequestERNS_8ResponseERKNSt7__cxx1112basic_stringIcSt11char_traitsIcESaIcEEESH_EUlvE_EEbS4_RKSt8functionIFbmmRNS_8DataSinkEEEmmT_RNS_5ErrorE
FN:4538,4538,_ZZN7httplib6detail13write_contentIZNKS_10ClientImpl27write_content_with_providerERNS_6StreamERKNS_7RequestERNS_5ErrorEEUlvE_EEbS4_RKSt8functionIFbmmRNS_8DataSinkEEEmmT_S9_ENKUlPKcmE_clESK_m
FN:4538,4538,_ZZN7httplib6detail13write_contentIZNS_6Server27write_content_with_providerERNS_6StreamERKNS_7RequestERNS_8ResponseERKNSt7__cxx1112basic_stringIcSt11char_traitsIcESaIcEEESH_EUlvE_EEbS4_RKSt8functionIFbmmRNS_8DataSinkEEEmmT_RNS_5ErrorEENKUlPKcmE_clESU_m
FN:4549,4549,_ZZN7httplib6detail13write_contentIZNKS_10ClientImpl27write_content_with_providerERNS_6StreamERKNS_7RequestERNS_5ErrorEEUlvE_EEbS4_RKSt8functionIFbmmRNS_8DataSinkEEEmmT_S9_ENKUlvE_clEv
FN:4549,4549,_ZZN7httplib6detail13write_contentIZNS_6Server27write_content_with_providerERNS_6StreamERKNS_7RequestERNS_8ResponseERKNSt7__cxx1112basic_stringIcSt11char_traitsIcESaIcEEESH_EUlvE_EEbS4_RKSt8functionIFbmmRNS_8DataSinkEEEmmT_RNS_5ErrorEENKUlvE_clEv
FN:4569,4575,_ZN7httplib6detail13write_contentIZNS_6Server27write_content_with_providerERNS_6StreamERKNS_7RequestERNS_8ResponseERKNSt7__cxx1112basic_stringIcSt11char_traitsIcESaIcEEESH_EUlvE_EEbS4_RKSt8functionIFbmmRNS_8DataSinkEEEmmRKT_
FN:4579,4609,_ZN7httplib6detail28write_content_without_lengthIZNS_6Server27write_content_with_providerERNS_6StreamERKNS_7RequestERNS_8ResponseERKNSt7__cxx1112basic_stringIcSt11char_traitsIcESaIcEEESH_EUlvE_EEbS4_RKSt8functionIFbmmRNS_8DataSinkEEERKT_
FN:4587,4587,_ZZN7httplib6detail28write_content_without_lengthIZNS_6Server27write_content_with_providerERNS_6StreamERKNS_7RequestERNS_8ResponseERKNSt7__cxx1112basic_stringIcSt11char_traitsIcESaIcEEESH_EUlvE_EEbS4_RKSt8functionIFbmmRNS_8DataSinkEEERKT_ENKUlPKcmE_clESU_m
FN:4595,4595,_ZZN7httplib6detail28write_content_without_lengthIZNS_6Server27write_content_with_providerERNS_6StreamERKNS_7RequestERNS_8ResponseERKNSt7__cxx1112basic_stringIcSt11char_traitsIcESaIcEEESH_EUlvE_EEbS4_RKSt8functionIFbmmRNS_8DataSinkEEERKT_ENKUlvE_clEv
FN:4597,4597,_ZZN7httplib6detail28write_content_without_lengthIZNS_6Server27write_content_with_providerERNS_6StreamERKNS_7RequestERNS_8ResponseERKNSt7__cxx1112basic_stringIcSt11char_traitsIcESaIcEEESH_EUlvE_EEbS4_RKSt8functionIFbmmRNS_8DataSinkEEERKT_ENKUlvE0_clEv
FN:4613,4714,_ZN7httplib6detail21write_content_chunkedIZNKS_10ClientImpl27write_content_with_providerERNS_6StreamERKNS_7RequestERNS_5ErrorEEUlvE_NS0_10compressorEEEbS4_RKSt8functionIFbmmRNS_8DataSinkEEERKT_RT0_S9_
FN:4613,4714,_ZN7httplib6detail21write_content_chunkedIZNS_6Server27write_content_with_providerERNS_6StreamERKNS_7RequestERNS_8ResponseERKNSt7__cxx1112basic_stringIcSt11char_traitsIcESaIcEEESH_EUlvE_NS0_10compressorEEEbS4_RKSt8functionIFbmmRNS_8DataSinkEEERKT_RT0_RNS_5ErrorE
FN:4620,4620,_ZZN7httplib6detail21write_content_chunkedIZNKS_10ClientImpl27write_content_with_providerERNS_6StreamERKNS_7RequestERNS_5ErrorEEUlvE_NS0_10compressorEEEbS4_RKSt8functionIFbmmRNS_8DataSinkEEERKT_RT0_S9_ENKUlPKcmE_clESP_m
FN:4620,4620,_ZZN7httplib6detail21write_content_chunkedIZNS_6Server27write_content_with_providerERNS_6StreamERKNS_7RequestERNS_8ResponseERKNSt7__cxx1112basic_stringIcSt11char_traitsIcESaIcEEESH_EUlvE_NS0_10compressorEEEbS4_RKSt8functionIFbmmRNS_8DataSinkEEERKT_RT0_RNS_5ErrorEENKUlPKcmE_clESZ_m
FN:4627,4627,_ZZZN7httplib6detail21write_content_chunkedIZNKS_10ClientImpl27write_content_with_providerERNS_6StreamERKNS_7RequestERNS_5ErrorEEUlvE_NS0_10compressorEEEbS4_RKSt8functionIFbmmRNS_8DataSinkEEERKT_RT0_S9_ENKUlPKcmE_clESP_mENKUlSP_mE_clESP_m
FN:4627,4627,_ZZZN7httplib6detail21write_content_chunkedIZNS_6Server27write_content_with_providerERNS_6StreamERKNS_7RequestERNS_8ResponseERKNSt7__cxx1112basic_stringIcSt11char_traitsIcESaIcEEESH_EUlvE_NS0_10compressorEEEbS4_RKSt8functionIFbmmRNS_8DataSinkEEERKT_RT0_RNS_5ErrorEENKUlPKcmE_clESZ_mENKUlSZ_mE_clESZ_m
FN:4647,4647,_ZZN7httplib6detail21write_content_chunkedIZNKS_10ClientImpl27write_content_with_providerERNS_6StreamERKNS_7RequestERNS_5ErrorEEUlvE_NS0_10compressorEEEbS4_RKSt8functionIFbmmRNS_8DataSinkEEERKT_RT0_S9_ENKUlvE_clEv
FN:4647,4647,_ZZN7httplib6detail21write_content_chunkedIZNS_6Server27write_content_with_providerERNS_6StreamERKNS_7RequestERNS_8ResponseERKNSt7__cxx1112basic_stringIcSt11char_traitsIcESaIcEEESH_EUlvE_NS0_10compressorEEEbS4_RKSt8functionIFbmmRNS_8DataSinkEEERKT_RT0_RNS_5ErrorEENKUlvE_clEv
FN:4649,4649,_ZZN7httplib6detail21write_content_chunkedIZNKS_10ClientImpl27write_content_with_providerERNS_6StreamERKNS_7RequestERNS_5ErrorEEUlvE_NS0_10compressorEEEbS4_RKSt8functionIFbmmRNS_8DataSinkEEERKT_RT0_S9_ENKUlPKSt18unordered_multimapINSt7__cxx1112basic_stringIcSt11char_traitsIcESaIcEEESU_NS0_11case_ignore4hashENSV_8equal_toESaISt4pairIKSU_SU_EEEE_clES14_
FN:4649,4649,_ZZN7httplib6detail21write_content_chunkedIZNS_6Server27write_content_with_providerERNS_6StreamERKNS_7RequestERNS_8ResponseERKNSt7__cxx1112basic_stringIcSt11char_traitsIcESaIcEEESH_EUlvE_NS0_10compressorEEEbS4_RKSt8functionIFbmmRNS_8DataSinkEEERKT_RT0_RNS_5ErrorEENKUlPKSt18unordered_multimapISF_SF_NS0_11case_ignore4hashENSZ_8equal_toESaISt4pairISG_SF_EEEE_clES17_
FN:4656,4656,_ZZZN7httplib6detail21write_content_chunkedIZNKS_10ClientImpl27write_content_with_providerERNS_6StreamERKNS_7RequestERNS_5ErrorEEUlvE_NS0_10compressorEEEbS4_RKSt8functionIFbmmRNS_8DataSinkEEERKT_RT0_S9_ENKUlPKSt18unordered_multimapINSt7__cxx1112basic_stringIcSt11char_traitsIcESaIcEEESU_NS0_11case_ignore4hashENSV_8equal_toESaISt4pairIKSU_SU_EEEE_clES14_ENKUlPKcmE_clES17_m
FN:4656,4656,_ZZZN7httplib6detail21write_content_chunkedIZNS_6Server27write_content_with_providerERNS_6StreamERKNS_7RequestERNS_8ResponseERKNSt7__cxx1112basic_stringIcSt11char_traitsIcESaIcEEESH_EUlvE_NS0_10compressorEEEbS4_RKSt8functionIFbmmRNS_8DataSinkEEERKT_RT0_RNS_5ErrorEENKUlPKSt18unordered_multimapISF_SF_NS0_11case_ignore4hashENSZ_8equal_toESaISt4pairISG_SF_EEEE_clES17_ENKUlPKcmE_clES1A_m
FN:4693,4693,_ZZN7httplib6detail21write_content_chunkedIZNKS_10ClientImpl27write_content_with_providerERNS_6StreamERKNS_7RequestERNS_5ErrorEEUlvE_NS0_10compressorEEEbS4_RKSt8functionIFbmmRNS_8DataSinkEEERKT_RT0_S9_ENKUlvE0_clEv
FN:4693,4693,_ZZN7httplib6detail21write_content_chunkedIZNS_6Server27write_content_with_providerERNS_6StreamERKNS_7RequestERNS_8ResponseERKNSt7__cxx1112basic_stringIcSt11char_traitsIcESaIcEEESH_EUlvE_NS0_10compressorEEEbS4_RKSt8functionIFbmmRNS_8DataSinkEEERKT_RT0_RNS_5ErrorEENKUlvE0_clEv
FN:4695,4695,_ZZN7httplib6detail21write_content_chunkedIZNKS_10ClientImpl27write_content_with_providerERNS_6StreamERKNS_7RequestERNS_5ErrorEEUlvE_NS0_10compressorEEEbS4_RKSt8functionIFbmmRNS_8DataSinkEEERKT_RT0_S9_ENKUlRKSt18unordered_multimapINSt7__cxx1112basic_stringIcSt11char_traitsIcESaIcEEESU_NS0_11case_ignore4hashENSV_8equal_toESaISt4pairIKSU_SU_EEEE_clES14_
FN:4695,4695,_ZZN7httplib6detail21write_content_chunkedIZNS_6Server27write_content_with_providerERNS_6StreamERKNS_7RequestERNS_8ResponseERKNSt7__cxx1112basic_stringIcSt11char_traitsIcESaIcEEESH_EUlvE_NS0_10compressorEEEbS4_RKSt8functionIFbmmRNS_8DataSinkEEERKT_RT0_RNS_5ErrorEENKUlRKSt18unordered_multimapISF_SF_NS0_11case_ignore4hashENSZ_8equal_toESaISt4pairISG_SF_EEEE_clES17_
FN:4717,4723,_ZN7httplib6detail21write_content_chunkedIZNS_6Server27write_content_with_providerERNS_6StreamERKNS_7RequestERNS_8ResponseERKNSt7__cxx1112basic_stringIcSt11char_traitsIcESaIcEEESH_EUlvE_NS0_10compressorEEEbS4_RKSt8functionIFbmmRNS_8DataSinkEEERKT_RT0_
FN:4726,4750,_ZN7httplib6detail8redirectINS_10ClientImplEEEbRT_RNS_7RequestERNS_8ResponseERKNSt7__cxx1112basic_stringIcSt11char_traitsIcESaIcEEESG_RNS_5ErrorE
FN:4726,4750,_ZN7httplib6detail8redirectINS_9SSLClientEEEbRT_RNS_7RequestERNS_8ResponseERKNSt7__cxx1112basic_stringIcSt11char_traitsIcESaIcEEESG_RNS_5ErrorE
FN:4752,4762,_ZN7httplib6detail19params_to_query_strERKSt8multimapINSt7__cxx1112basic_stringIcSt11char_traitsIcESaIcEEES7_St4lessIS7_ESaISt4pairIKS7_S7_EEE
FN:4764,4785,_ZN7httplib6detail16parse_query_textEPKcmRSt8multimapINSt7__cxx1112basic_stringIcSt11char_traitsIcESaIcEEES9_St4lessIS9_ESaISt4pairIKS9_S9_EEE
FN:4767,4784,_ZZN7httplib6detail16parse_query_textEPKcmRSt8multimapINSt7__cxx1112basic_stringIcSt11char_traitsIcESaIcEEES9_St4lessIS9_ESaISt4pairIKS9_S9_EEEENKUlS2_S2_E_clES2_S2_
FN:4775,4779,_ZZZN7httplib6detail16parse_query_textEPKcmRSt8multimapINSt7__cxx1112basic_stringIcSt11char_traitsIcESaIcEEES9_St4lessIS9_ESaISt4pairIKS9_S9_EEEENKUlS2_S2_E_clES2_S2_ENKUlS2_mS2_mE_clES2_mS2_m
FN:4787,4789,_ZN7httplib6detail16parse_query_textERKNSt7__cxx1112basic_stringIcSt11char_traitsIcESaIcEEERSt8multimapIS6_S6_St4lessIS6_ESaISt4pairIS7_S6_EEE
FN:4791,4800,_ZN7httplib6detail24parse_multipart_boundaryERKNSt7__cxx1112basic_stringIcSt11char_traitsIcESaIcEEERS6_
FN:4802,4824,_ZN7httplib6detail24parse_disposition_paramsERKNSt7__cxx1112basic_stringIcSt11char_traitsIcESaIcEEERSt8multimapIS6_S6_St4lessIS6_ESaISt4pairIS7_S6_EEE
FN:4804,4823,_ZZN7httplib6detail24parse_disposition_paramsERKNSt7__cxx1112basic_stringIcSt11char_traitsIcESaIcEEERSt8multimapIS6_S6_St4lessIS6_ESaISt4pairIS7_S6_EEEENKUlPKcSI_E_clESI_SI_
FN:4811,4817,_ZZZN7httplib6detail24parse_disposition_paramsERKNSt7__cxx1112basic_stringIcSt11char_traitsIcESaIcEEERSt8multimapIS6_S6_St4lessIS6_ESaISt4pairIS7_S6_EEEENKUlPKcSI_E_clESI_SI_ENKUlSI_SI_E_clESI_SI_
FN:4829,4874,_ZN7httplib6detail18parse_range_headerERKNSt7__cxx1112basic_stringIcSt11char_traitsIcESaIcEEERSt6vectorISt4pairIllESaISB_EE
FN:4831,4834,_ZZN7httplib6detail18parse_range_headerERKNSt7__cxx1112basic_stringIcSt11char_traitsIcESaIcEEERSt6vectorISt4pairIllESaISB_EEENKUlS8_E_clES8_
FN:4833,4833,_ZZZN7httplib6detail18parse_range_headerERKNSt7__cxx1112basic_stringIcSt11char_traitsIcESaIcEEERSt6vectorISt4pairIllESaISB_EEENKUlS8_E_clES8_ENKUlhE_clEh
FN:4840,4867,_ZZN7httplib6detail18parse_range_headerERKNSt7__cxx1112basic_stringIcSt11char_traitsIcESaIcEEERSt6vectorISt4pairIllESaISB_EEENKUlPKcSG_E_clESG_SG_
FN:4879,4879,_ZN7httplib6detail23MultipartFormDataParserC2Ev
FN:4881,4885,_ZN7httplib6detail23MultipartFormDataParser12set_boundaryEONSt7__cxx1112basic_stringIcSt11char_traitsIcESaIcEEE
FN:4887,4887,_ZNK7httplib6detail23MultipartFormDataParser8is_validEv
FN:4889,5024,_ZN7httplib6detail23MultipartFormDataParser5parseEPKcmRKSt8functionIFbS3_mEERKS4_IFbRKNS_17MultipartFormDataEEE
FN:4927,4927,_ZZN7httplib6detail23MultipartFormDataParser5parseEPKcmRKSt8functionIFbS3_mEERKS4_IFbRKNS_17MultipartFormDataEEEENKUlRKNSt7__cxx1112basic_stringIcSt11char_traitsIcESaIcEEESN_E_clESN_SN_
FN:5027,5031,_ZN7httplib6detail23MultipartFormDataParser15clear_file_infoEv
FN:5033,5042,_ZNK7httplib6detail23MultipartFormDataParser22start_with_case_ignoreERKNSt7__cxx1112basic_stringIcSt11char_traitsIcESaIcEEES9_
FN:5055,5062,_ZNK7httplib6detail23MultipartFormDataParser10start_withERKNSt7__cxx1112basic_stringIcSt11char_traitsIcESaIcEEEmmS9_
FN:5064,5064,_ZNK7httplib6detail23MultipartFormDataParser8buf_sizeEv
FN:5066,5066,_ZNK7httplib6detail23MultipartFormDataParser8buf_dataEv
FN:5068,5068,_ZNK7httplib6detail23MultipartFormDataParser8buf_headB5cxx11Em
FN:5070,5072,_ZNK7httplib6detail23MultipartFormDataParser14buf_start_withERKNSt7__cxx1112basic_stringIcSt11char_traitsIcESaIcEEE
FN:5074,5095,_ZNK7httplib6detail23MultipartFormDataParser8buf_findERKNSt7__cxx1112basic_stringIcSt11char_traitsIcESaIcEEE
FN:5097,5113,_ZN7httplib6detail23MultipartFormDataParser10buf_appendEPKcm
FN:5115,5115,_ZN7httplib6detail23MultipartFormDataParser9buf_eraseEm
FN:5122,5142,_ZN7httplib6detail13random_stringB5cxx11Em
FN:5144,5146,_ZN7httplib6detail28make_multipart_data_boundaryB5cxx11Ev
FN:5205,5269,_ZN7httplib6detail11range_errorERNS_7RequestERNS_8ResponseE
FN:5272,5279,_ZN7httplib6detail27get_range_offset_and_lengthESt4pairIllEm
FN:5281,5293,_ZN7httplib6detail31make_content_range_header_fieldB5cxx11ERKSt4pairImmEm
FN:5296,5330,_ZN7httplib6detail29process_multipart_ranges_dataIZNS0_26make_multipart_ranges_dataERKNS_7RequestERNS_8ResponseERKNSt7__cxx1112basic_stringIcSt11char_traitsIcESaIcEEESE_mRSC_EUlSE_E_ZNS0_26make_multipart_ranges_dataES4_S6_SE_SE_mSF_EUlSE_E0_ZNS0_26make_multipart_ranges_dataES4_S6_SE_SE_mSF_EUlmmE_EEbS4_SE_SE_mT_T0_T1_
FN:5296,5330,_ZN7httplib6detail29process_multipart_ranges_dataIZNS0_27write_multipart_ranges_dataIZNS_6Server27write_content_with_providerERNS_6StreamERKNS_7RequestERNS_8ResponseERKNSt7__cxx1112basic_stringIcSt11char_traitsIcESaIcEEESI_EUlvE_EEbS5_S8_SA_SI_SI_mRKT_EUlSI_E_ZNS2_ISJ_EEbS5_S8_SA_SI_SI_mSM_EUlSI_E0_ZNS2_ISJ_EEbS5_S8_SA_SI_SI_mSM_EUlmmE_EEbS8_SI_SI_mSK_T0_T1_
FN:5296,5330,_ZN7httplib6detail29process_multipart_ranges_dataIZNS0_32get_multipart_ranges_data_lengthERKNS_7RequestERKNSt7__cxx1112basic_stringIcSt11char_traitsIcESaIcEEESC_mEUlSC_E_ZNS0_32get_multipart_ranges_data_lengthES4_SC_SC_mEUlSC_E0_ZNS0_32get_multipart_ranges_data_lengthES4_SC_SC_mEUlmmE_EEbS4_SC_SC_mT_T0_T1_
FN:531,531,_ZN7httplib8DataSinkC2Ev
FN:5332,5346,_ZN7httplib6detail26make_multipart_ranges_dataERKNS_7RequestERNS_8ResponseERKNSt7__cxx1112basic_stringIcSt11char_traitsIcESaIcEEESD_mRSB_
FN:5339,5339,_ZZN7httplib6detail26make_multipart_ranges_dataERKNS_7RequestERNS_8ResponseERKNSt7__cxx1112basic_stringIcSt11char_traitsIcESaIcEEESD_mRSB_ENKUlSD_E_clESD_
FN:5340,5340,_ZZN7httplib6detail26make_multipart_ranges_dataERKNS_7RequestERNS_8ResponseERKNSt7__cxx1112basic_stringIcSt11char_traitsIcESaIcEEESD_mRSB_ENKUlSD_E0_clESD_
FN:5341,5345,_ZZN7httplib6detail26make_multipart_ranges_dataERKNS_7RequestERNS_8ResponseERKNSt7__cxx1112basic_stringIcSt11char_traitsIcESaIcEEESD_mRSB_ENKUlmmE_clEmm
FN:5348,5364,_ZN7httplib6detail32get_multipart_ranges_data_lengthERKNS_7RequestERKNSt7__cxx1112basic_stringIcSt11char_traitsIcESaIcEEESB_m
FN:5356,5356,_ZZN7httplib6detail32get_multipart_ranges_data_lengthERKNS_7RequestERKNSt7__cxx1112basic_stringIcSt11char_traitsIcESaIcEEESB_mENKUlSB_E_clESB_
FN:5357,5357,_ZZN7httplib6detail32get_multipart_ranges_data_lengthERKNS_7RequestERKNSt7__cxx1112basic_stringIcSt11char_traitsIcESaIcEEESB_mENKUlSB_E0_clESB_
FN:5358,5361,_ZZN7httplib6detail32get_multipart_ranges_data_lengthERKNS_7RequestERKNSt7__cxx1112basic_stringIcSt11char_traitsIcESaIcEEESB_mENKUlmmE_clEmm
FN:5368,5380,_ZN7httplib6detail27write_multipart_ranges_dataIZNS_6Server27write_content_with_providerERNS_6StreamERKNS_7RequestERNS_8ResponseERKNSt7__cxx1112basic_stringIcSt11char_traitsIcESaIcEEESH_EUlvE_EEbS4_S7_S9_SH_SH_mRKT_
FN:5374,5374,_ZZN7httplib6detail27write_multipart_ranges_dataIZNS_6Server27write_content_with_providerERNS_6StreamERKNS_7RequestERNS_8ResponseERKNSt7__cxx1112basic_stringIcSt11char_traitsIcESaIcEEESH_EUlvE_EEbS4_S7_S9_SH_SH_mRKT_ENKUlSH_E_clESH_
FN:5375,5375,_ZZN7httplib6detail27write_multipart_ranges_dataIZNS_6Server27write_content_with_providerERNS_6StreamERKNS_7RequestERNS_8ResponseERKNSt7__cxx1112basic_stringIcSt11char_traitsIcESaIcEEESH_EUlvE_EEbS4_S7_S9_SH_SH_mRKT_ENKUlSH_E0_clESH_
FN:5376,5376,_ZZN7httplib6detail27write_multipart_ranges_dataIZNS_6Server27write_content_with_providerERNS_6StreamERKNS_7RequestERNS_8ResponseERKNSt7__cxx1112basic_stringIcSt11char_traitsIcESaIcEEESH_EUlvE_EEbS4_S7_S9_SH_SH_mRKT_ENKUlmmE_clEmm
FN:5382,5393,_ZN7httplib6detail14expect_contentERKNS_7RequestE
FN:5405,5423,_ZN7httplib6detail14message_digestERKNSt7__cxx1112basic_stringIcSt11char_traitsIcESaIcEEEPK9evp_md_st
FN:5425,5427,_ZN7httplib6detail3MD5ERKNSt7__cxx1112basic_stringIcSt11char_traitsIcESaIcEEE
FN:5429,5431,_ZN7httplib6detail7SHA_256ERKNSt7__cxx1112basic_stringIcSt11char_traitsIcESaIcEEE
FN:5433,5435,_ZN7httplib6detail7SHA_512ERKNSt7__cxx1112basic_stringIcSt11char_traitsIcESaIcEEE
FN:547,547,_ZN7httplib8DataSink19data_sink_streambufC2ERS0_
FN:550,553,_ZN7httplib8DataSink19data_sink_streambuf6xsputnEPKcl
FN:5578,5636,_ZN7httplib6detail33make_digest_authentication_headerERKNS_7RequestERKSt3mapINSt7__cxx1112basic_stringIcSt11char_traitsIcESaIcEEESA_St4lessISA_ESaISt4pairIKSA_SA_EEEmRSE_SK_SK_b
FN:5639,5670,_ZN7httplib6detail22parse_www_authenticateERKNS_8ResponseERSt3mapINSt7__cxx1112basic_stringIcSt11char_traitsIcESaIcEEESA_St4lessISA_ESaISt4pairIKSA_SA_EEEb
FN:5674,5676,_ZN7httplib6detail22ContentProviderAdapterC2EOSt8functionIFbmRNS_8DataSinkEEE
FN:5678,5680,_ZN7httplib6detail22ContentProviderAdapterclEmmRNS_8DataSinkE
FN:5725,5732,_ZN7httplib19append_query_paramsERKNSt7__cxx1112basic_stringIcSt11char_traitsIcESaIcEEERKSt8multimapIS5_S5_St4lessIS5_ESaISt4pairIS6_S5_EEE
FN:5750,5755,_ZN7httplib32make_basic_authentication_headerERKNSt7__cxx1112basic_stringIcSt11char_traitsIcESaIcEEES7_b
FN:5758,5763,_ZN7httplib39make_bearer_token_authentication_headerERKNSt7__cxx1112basic_stringIcSt11char_traitsIcESaIcEEEb
FN:5766,5768,_ZNK7httplib7Request10has_headerERKNSt7__cxx1112basic_stringIcSt11char_traitsIcESaIcEEE
FN:5770,5773,_ZNK7httplib7Request16get_header_valueERKNSt7__cxx1112basic_stringIcSt11char_traitsIcESaIcEEEPKcm
FN:5780,5786,_ZN7httplib7Request10set_headerERKNSt7__cxx1112basic_stringIcSt11char_traitsIcESaIcEEES8_
FN:5806,5809,_ZNK7httplib7Request22is_multipart_form_dataEv
FN:5832,5834,_ZNK7httplib8Response10has_headerERKNSt7__cxx1112basic_stringIcSt11char_traitsIcESaIcEEE
FN:5836,5840,_ZNK7httplib8Response16get_header_valueERKNSt7__cxx1112basic_stringIcSt11char_traitsIcESaIcEEEPKcm
FN:5847,5853,_ZN7httplib8Response10set_headerERKNSt7__cxx1112basic_stringIcSt11char_traitsIcESaIcEEES8_
FN:5855,5864,_ZN7httplib8Response12set_redirectERKNSt7__cxx1112basic_stringIcSt11char_traitsIcESaIcEEEi
FN:5889,5897,_ZN7httplib8Response20set_content_providerEmRKNSt7__cxx1112basic_stringIcSt11char_traitsIcESaIcEEESt8functionIFbmmRNS_8DataSinkEEES9_IFvbEE
FN:594,596,_ZN7httplib13ContentReaderC2ESt8functionIFbS1_IFbPKcmEEEES1_IFbS1_IFbRKNS_17MultipartFormDataEEES5_EE
FN:5947,5949,_ZN7httplib6Stream5writeEPKc
FN:5951,5953,_ZN7httplib6Stream5writeERKNSt7__cxx1112basic_stringIcSt11char_traitsIcESaIcEEE
FN:5958,5965,_ZN7httplib6detail12SocketStreamC2Eillll
FN:5967,5967,_ZN7httplib6detail12SocketStreamD0Ev
FN:5967,5967,_ZN7httplib6detail12SocketStreamD2Ev
FN:5969,5971,_ZNK7httplib6detail12SocketStream11is_readableEv
FN:5973,5976,_ZNK7httplib6detail12SocketStream11is_writableEv
FN:5978,6022,_ZN7httplib6detail12SocketStream4readEPcm
FN:6024,6033,_ZN7httplib6detail12SocketStream5writeEPKcm
FN:6035,6038,_ZNK7httplib6detail12SocketStream22get_remote_ip_and_portERNSt7__cxx1112basic_stringIcSt11char_traitsIcESaIcEEERi
FN:6040,6043,_ZNK7httplib6detail12SocketStream21get_local_ip_and_portERNSt7__cxx1112basic_stringIcSt11char_traitsIcESaIcEEERi
FN:6045,6045,_ZNK7httplib6detail12SocketStream6socketEv
FN:6048,6048,_ZNK7httplib6detail12BufferStream11is_readableEv
FN:6050,6050,_ZNK7httplib6detail12BufferStream11is_writableEv
FN:6052,6060,_ZN7httplib6detail12BufferStream4readEPcm
FN:6062,6065,_ZN7httplib6detail12BufferStream5writeEPKcm
FN:6067,6068,_ZNK7httplib6detail12BufferStream22get_remote_ip_and_portERNSt7__cxx1112basic_stringIcSt11char_traitsIcESaIcEEERi
FN:6070,6071,_ZNK7httplib6detail12BufferStream21get_local_ip_and_portERNSt7__cxx1112basic_stringIcSt11char_traitsIcESaIcEEERi
FN:6073,6073,_ZNK7httplib6detail12BufferStream6socketEv
FN:6075,6075,_ZNK7httplib6detail12BufferStream10get_bufferB5cxx11Ev
FN:6125,6166,_ZNK7httplib6detail17PathParamsMatcher5matchERNS_7RequestE
FN:6168,6171,_ZNK7httplib6detail12RegexMatcher5matchERNS_7RequestE
FN:6184,6184,_ZN7httplib6ServerD0Ev
FN:6184,6184,_ZN7httplib6ServerD2Ev
FN:633,633,_ZNK7httplib7Request20is_connection_closedMUlvE_clEv
FN:6442,6490,_ZNK7httplib6Server18parse_request_lineEPKcRNS_7RequestE
FN:6450,6458,_ZZNK7httplib6Server18parse_request_lineEPKcRNS_7RequestEENKUlS2_S2_E_clES2_S2_
FN:6481,6486,_ZZNK7httplib6Server18parse_request_lineEPKcRNS_7RequestEENKUlS2_mS2_mE_clES2_mS2_m
FN:6492,6498,_ZN7httplib6Server14write_responseERNS_6StreamEbRNS_7RequestERNS_8ResponseE
FN:6500,6505,_ZN7httplib6Server27write_response_with_contentERNS_6StreamEbRKNS_7RequestERNS_8ResponseE
FN:6507,6579,_ZN7httplib6Server19write_response_coreERNS_6StreamEbRKNS_7RequestERNS_8ResponseEb
FN:6582,6630,_ZN7httplib6Server27write_content_with_providerERNS_6StreamERKNS_7RequestERNS_8ResponseERKNSt7__cxx1112basic_stringIcSt11char_traitsIcESaIcEEESF_
FN:6585,6587,_ZZN7httplib6Server27write_content_with_providerERNS_6StreamERKNS_7RequestERNS_8ResponseERKNSt7__cxx1112basic_stringIcSt11char_traitsIcESaIcEEESF_ENKUlvE_clEv
FN:6632,6668,_ZN7httplib6Server12read_contentERNS_6StreamERNS_7RequestERNS_8ResponseE
FN:6638,6642,_ZZN7httplib6Server12read_contentERNS_6StreamERNS_7RequestERNS_8ResponseEENKUlPKcmE_clES8_m
FN:6644,6650,_ZZN7httplib6Server12read_contentERNS_6StreamERNS_7RequestERNS_8ResponseEENKUlRKNS_17MultipartFormDataEE_clES9_
FN:6651,6656,_ZZN7httplib6Server12read_contentERNS_6StreamERNS_7RequestERNS_8ResponseEENKUlPKcmE0_clES8_m
FN:6670,6677,_ZN7httplib6Server34read_content_with_content_receiverERNS_6StreamERNS_7RequestERNS_8ResponseESt8functionIFbPKcmEES7_IFbRKNS_17MultipartFormDataEEESB_
FN:6680,6733,_ZNK7httplib6Server17read_content_coreERNS_6StreamERNS_7RequestERNS_8ResponseESt8functionIFbPKcmEES7_IFbRKNS_17MultipartFormDataEEESB_
FN:6696,6710,_ZZNK7httplib6Server17read_content_coreERNS_6StreamERNS_7RequestERNS_8ResponseESt8functionIFbPKcmEES7_IFbRKNS_17MultipartFormDataEEESB_ENKUlS9_mmmE_clES9_mmm
FN:6712,6713,_ZZNK7httplib6Server17read_content_coreERNS_6StreamERNS_7RequestERNS_8ResponseESt8functionIFbPKcmEES7_IFbRKNS_17MultipartFormDataEEESB_ENKUlS9_mmmE0_clES9_mmm
FN:6735,6779,_ZN7httplib6Server19handle_file_requestERKNS_7RequestERNS_8ResponseEb
FN:6764,6767,_ZZN7httplib6Server19handle_file_requestERKNS_7RequestERNS_8ResponseEbENKUlmmRNS_8DataSinkEE_clEmmS7_
FN:6921,6996,_ZN7httplib6Server7routingERNS_7RequestERNS_8ResponseERNS_6StreamE
FN:6938,6941,_ZZN7httplib6Server7routingERNS_7RequestERNS_8ResponseERNS_6StreamEENKUlSt8functionIFbPKcmEEE_clESB_
FN:6942,6946,_ZZN7httplib6Server7routingERNS_7RequestERNS_8ResponseERNS_6StreamEENKUlSt8functionIFbRKNS_17MultipartFormDataEEES7_IFbPKcmEEE_clESC_SG_
FN:6998,7010,_ZNK7httplib6Server16dispatch_requestERNS_7RequestERNS_8ResponseERKSt6vectorISt4pairISt10unique_ptrINS_6detail11MatcherBaseESt14default_deleteIS9_EESt8functionIFvRKS1_S4_EEESaISI_EE
FN:7012,7115,_ZNK7httplib6Server12apply_rangesERKNS_7RequestERNS_8ResponseERNSt7__cxx1112basic_stringIcSt11char_traitsIcESaIcEEESC_
FN:706,706,_ZN7httplib8ResponseC2Ev
FN:708,708,_ZN7httplib8ResponseaSERKS0_
FN:710,710,_ZN7httplib8ResponseaSEOS0_
FN:7102,7105,_ZZNK7httplib6Server12apply_rangesERKNS_7RequestERNS_8ResponseERNSt7__cxx1112basic_stringIcSt11char_traitsIcESaIcEEESC_ENKUlPKcmE_clESE_m
FN:711,715,_ZN7httplib8ResponseD2Ev
FN:7117,7130,_ZNK7httplib6Server35dispatch_request_for_content_readerERNS_7RequestERNS_8ResponseENS_13ContentReaderERKSt6vectorISt4pairISt10unique_ptrINS_6detail11MatcherBaseESt14default_deleteISA_EESt8functionIFvRKS1_S4_RKS5_EEESaISL_EE
FN:7133,7313,_ZN7httplib6Server15process_requestERNS_6StreamERKNSt7__cxx1112basic_stringIcSt11char_traitsIcESaIcEEEiSA_ibRbRKSt8functionIFvRNS_7RequestEEE
FN:7227,7229,_ZZN7httplib6Server15process_requestERNS_6StreamERKNSt7__cxx1112basic_stringIcSt11char_traitsIcESaIcEEEiSA_ibRbRKSt8functionIFvRNS_7RequestEEEENKUlvE_clEv
FN:729,729,_ZN7httplib6StreamD0Ev
FN:729,729,_ZN7httplib6StreamD2Ev
FN:7293,7296,_ZZN7httplib6Server15process_requestERNS_6StreamERKNSt7__cxx1112basic_stringIcSt11char_traitsIcESaIcEEEiSA_ibRbRKSt8functionIFvRNS_7RequestEEEENKUlmmRNS_8DataSinkEE_clEmmSK_
FN:7315,7315,_ZNK7httplib6Server8is_validEv
FN:7317,7339,_ZN7httplib6Server24process_and_close_socketEi
FN:7330,7334,_ZZN7httplib6Server24process_and_close_socketEiENKUlRNS_6StreamEbRbE_clES2_bS3_
FN:7345,7346,_ZN7httplib10ClientImplC2ERKNSt7__cxx1112basic_stringIcSt11char_traitsIcESaIcEEEi
FN:7348,7353,_ZN7httplib10ClientImplC2ERKNSt7__cxx1112basic_stringIcSt11char_traitsIcESaIcEEEiS8_S8_
FN:7355,7359,_ZN7httplib10ClientImplD0Ev
FN:7355,7359,_ZN7httplib10ClientImplD2Ev
FN:7361,7361,_ZNK7httplib10ClientImpl8is_validEv
FN:7363,7408,_ZN7httplib10ClientImpl13copy_settingsERKS0_
FN:7410,7429,_ZNK7httplib10ClientImpl20create_client_socketERNS_5ErrorE
FN:7431,7437,_ZN7httplib10ClientImpl25create_and_connect_socketERNS0_6SocketERNS_5ErrorE
FN:7439,7445,_ZN7httplib10ClientImpl12shutdown_sslERNS0_6SocketEb
FN:7447,7450,_ZNK7httplib10ClientImpl15shutdown_socketERNS0_6SocketE
FN:7452,7469,_ZN7httplib10ClientImpl12close_socketERNS0_6SocketE
FN:7471,7505,_ZNK7httplib10ClientImpl18read_response_lineERNS_6StreamERKNS_7RequestERNS_8ResponseE
FN:7507,7515,_ZN7httplib10ClientImpl4sendERNS_7RequestERNS_8ResponseERNS_5ErrorE
FN:7518,7526,_ZNK7httplib10ClientImpl27is_ssl_peer_could_be_closedEP6ssl_st
FN:7521,7521,_ZZNK7httplib10ClientImpl27is_ssl_peer_could_be_closedEP6ssl_stENKUlvE_clEv
FN:7529,7623,_ZN7httplib10ClientImpl5send_ERNS_7RequestERNS_8ResponseERNS_5ErrorE
FN:7597,7612,_ZZN7httplib10ClientImpl5send_ERNS_7RequestERNS_8ResponseERNS_5ErrorEENKUlvE_clEv
FN:7614,7616,_ZZN7httplib10ClientImpl5send_ERNS_7RequestERNS_8ResponseERNS_5ErrorEENKUlRNS_6StreamEE_clES8_
FN:7630,7635,_ZN7httplib10ClientImpl5send_EONS_7RequestE
FN:7637,7712,_ZN7httplib10ClientImpl14handle_requestERNS_6StreamERNS_7RequestERNS_8ResponseEbRNS_5ErrorE
FN:7714,7769,_ZN7httplib10ClientImpl8redirectERNS_7RequestERNS_8ResponseERNS_5ErrorE
FN:7771,7794,_ZNK7httplib10ClientImpl27write_content_with_providerERNS_6StreamERKNS_7RequestERNS_5ErrorE
FN:7774,7774,_ZZNK7httplib10ClientImpl27write_content_with_providerERNS_6StreamERKNS_7RequestERNS_5ErrorEENKUlvE_clEv
FN:7796,7932,_ZN7httplib10ClientImpl13write_requestERNS_6StreamERNS_7RequestEbRNS_5ErrorE
FN:7934,8011,_ZN7httplib10ClientImpl26send_with_content_providerERNS_7RequestEPKcmSt8functionIFbmmRNS_8DataSinkEEES5_IFbmS7_EERKNSt7__cxx1112basic_stringIcSt11char_traitsIcESaIcEEERNS_5ErrorE
FN:7955,7973,_ZZN7httplib10ClientImpl26send_with_content_providerERNS_7RequestEPKcmSt8functionIFbmmRNS_8DataSinkEEES5_IFbmS7_EERKNSt7__cxx1112basic_stringIcSt11char_traitsIcESaIcEEERNS_5ErrorEENKUlS4_mE_clES4_m
FN:7961,7964,_ZZZN7httplib10ClientImpl26send_with_content_providerERNS_7RequestEPKcmSt8functionIFbmmRNS_8DataSinkEEES5_IFbmS7_EERKNSt7__cxx1112basic_stringIcSt11char_traitsIcESaIcEEERNS_5ErrorEENKUlS4_mE_clES4_mENKUlS4_mE_clES4_m
FN:7983,7986,_ZZN7httplib10ClientImpl26send_with_content_providerERNS_7RequestEPKcmSt8functionIFbmmRNS_8DataSinkEEES5_IFbmS7_EERKNSt7__cxx1112basic_stringIcSt11char_traitsIcESaIcEEERNS_5ErrorEENKUlS4_mE0_clES4_m
FN:8013,8031,_ZN7httplib10ClientImpl26send_with_content_providerERKNSt7__cxx1112basic_stringIcSt11char_traitsIcESaIcEEES8_RKSt18unordered_multimapIS6_S6_NS_6detail11case_ignore4hashENSB_8equal_toESaISt4pairIS7_S6_EEEPKcmSt8functionIFbmmRNS_8DataSinkEEESM_IFbmSO_EES8_SM_IFbmmEE
FN:8034,8037,_ZNK7httplib10ClientImpl18adjust_host_stringERKNSt7__cxx1112basic_stringIcSt11char_traitsIcESaIcEEE
FN:8039,8128,_ZN7httplib10ClientImpl15process_requestERNS_6StreamERNS_7RequestERNS_8ResponseEbRNS_5ErrorE
FN:8081,8086,_ZZN7httplib10ClientImpl15process_requestERNS_6StreamERNS_7RequestERNS_8ResponseEbRNS_5ErrorEENKUlPKcmmmE_clESA_mmm
FN:8088,8093,_ZZN7httplib10ClientImpl15process_requestERNS_6StreamERNS_7RequestERNS_8ResponseEbRNS_5ErrorEENKUlPKcmmmE0_clESA_mmm
FN:8095,8100,_ZZN7httplib10ClientImpl15process_requestERNS_6StreamERNS_7RequestERNS_8ResponseEbRNS_5ErrorEENKUlmmE_clEmm
FN:8175,8180,_ZN7httplib10ClientImpl14process_socketERKNS0_6SocketESt8functionIFbRNS_6StreamEEE
FN:8182,8182,_ZNK7httplib10ClientImpl6is_sslEv
FN:8184,8186,_ZN7httplib10ClientImpl3GetERKNSt7__cxx1112basic_stringIcSt11char_traitsIcESaIcEEE
FN:8196,8205,_ZN7httplib10ClientImpl3GetERKNSt7__cxx1112basic_stringIcSt11char_traitsIcESaIcEEERKSt18unordered_multimapIS6_S6_NS_6detail11case_ignore4hashENSB_8equal_toESaISt4pairIS7_S6_EEESt8functionIFbmmEE
FN:8347,8350,_ZN7httplib10ClientImpl4PostERKNSt7__cxx1112basic_stringIcSt11char_traitsIcESaIcEEES8_S8_
FN:8358,8364,_ZN7httplib10ClientImpl4PostERKNSt7__cxx1112basic_stringIcSt11char_traitsIcESaIcEEERKSt18unordered_multimapIS6_S6_NS_6detail11case_ignore4hashENSB_8equal_toESaISt4pairIS7_S6_EEES8_S8_
FN:853,853,_ZN7httplib6detail11MatcherBaseD0Ev
FN:853,853,_ZN7httplib6detail11MatcherBaseD2Ev
FN:8820,8823,_ZN7httplib10ClientImpl16set_read_timeoutEll
FN:8971,8999,_ZN7httplib6detail7ssl_newIZNS_9SSLClient14initialize_sslERNS_10ClientImpl6SocketERNS_5ErrorEEUlP6ssl_stE_ZNS2_14initialize_sslES5_S7_EUlS9_E0_EES9_iP10ssl_ctx_stRSt5mutexT_T0_
FN:8971,8999,_ZN7httplib6detail7ssl_newIZNS_9SSLServer24process_and_close_socketEiEUlP6ssl_stE_ZNS2_24process_and_close_socketEiEUlS4_E0_EES4_iP10ssl_ctx_stRSt5mutexT_T0_
FN:9001,9028,_ZN7httplib6detail10ssl_deleteERSt5mutexP6ssl_stib
FN:9031,9050,_ZN7httplib6detail33ssl_connect_or_accept_nonblockingIPFiP6ssl_stEEEbiS3_T_ll
FN:9053,9065,_ZN7httplib6detail25process_server_socket_sslIZNS_9SSLServer24process_and_close_socketEiEUlRNS_6StreamEbRbE_EEbRKSt6atomicIiEP6ssl_stimlllllT_
FN:9060,9060,_ZZN7httplib6detail25process_server_socket_sslIZNS_9SSLServer24process_and_close_socketEiEUlRNS_6StreamEbRbE_EEbRKSt6atomicIiEP6ssl_stimlllllT_ENKUlbS5_E_clEbS5_
FN:9069,9075,_ZN7httplib6detail25process_client_socket_sslISt8functionIFbRNS_6StreamEEEEEbP6ssl_stillllT_
FN:9079,9082,_ZN7httplib6detail7SSLInitC2Ev
FN:9086,9096,_ZN7httplib6detail15SSLSocketStreamC2EiP6ssl_stllll
FN:9098,9098,_ZN7httplib6detail15SSLSocketStreamD0Ev
FN:9098,9098,_ZN7httplib6detail15SSLSocketStreamD2Ev
FN:9100,9102,_ZNK7httplib6detail15SSLSocketStream11is_readableEv
FN:9104,9107,_ZNK7httplib6detail15SSLSocketStream11is_writableEv
FN:9109,9139,_ZN7httplib6detail15SSLSocketStream4readEPcm
FN:9141,9170,_ZN7httplib6detail15SSLSocketStream5writeEPKcm
FN:9172,9175,_ZNK7httplib6detail15SSLSocketStream22get_remote_ip_and_portERNSt7__cxx1112basic_stringIcSt11char_traitsIcESaIcEEERi
FN:9177,9180,_ZNK7httplib6detail15SSLSocketStream21get_local_ip_and_portERNSt7__cxx1112basic_stringIcSt11char_traitsIcESaIcEEERi
FN:9182,9182,_ZNK7httplib6detail15SSLSocketStream6socketEv
FN:9259,9261,_ZN7httplib9SSLServerD0Ev
FN:9259,9261,_ZN7httplib9SSLServerD2Ev
FN:9263,9263,_ZNK7httplib9SSLServer8is_validEv
FN:9280,9319,_ZN7httplib9SSLServer24process_and_close_socketEi
FN:9283,9286,_ZZN7httplib9SSLServer24process_and_close_socketEiENKUlP6ssl_stE_clES2_
FN:9287,9287,_ZZN7httplib9SSLServer24process_and_close_socketEiENKUlP6ssl_stE0_clES2_
FN:9303,9308,_ZZN7httplib9SSLServer24process_and_close_socketEiENKUlRNS_6StreamEbRbE_clES2_bS3_
FN:9307,9307,_ZZZN7httplib9SSLServer24process_and_close_socketEiENKUlRNS_6StreamEbRbE_clES2_bS3_ENKUlRNS_7RequestEE_clES6_
FN:9325,9326,_ZN7httplib9SSLClientC2ERKNSt7__cxx1112basic_stringIcSt11char_traitsIcESaIcEEEi
FN:9328,9357,_ZN7httplib9SSLClientC2ERKNSt7__cxx1112basic_stringIcSt11char_traitsIcESaIcEEEiS8_S8_S8_
FN:9338,9340,_ZZN7httplib9SSLClientC4ERKNSt7__cxx1112basic_stringIcSt11char_traitsIcESaIcEEEiS8_S8_S8_ENKUlPKcSA_E_clESA_SA_
FN:9385,9391,_ZN7httplib9SSLClientD0Ev
FN:9385,9391,_ZN7httplib9SSLClientD2Ev
FN:9393,9393,_ZNK7httplib9SSLClient8is_validEv
FN:9395,9406,_ZN7httplib9SSLClient17set_ca_cert_storeEP13x509_store_st
FN:9419,9421,_ZN7httplib9SSLClient25create_and_connect_socketERNS_10ClientImpl6SocketERNS_5ErrorE
FN:9424,9490,_ZN7httplib9SSLClient18connect_with_proxyERNS_10ClientImpl6SocketERNS_8ResponseERbRNS_5ErrorE
FN:9430,9435,_ZZN7httplib9SSLClient18connect_with_proxyERNS_10ClientImpl6SocketERNS_8ResponseERbRNS_5ErrorEENKUlRNS_6StreamEE_clESA_
FN:9453,9462,_ZZN7httplib9SSLClient18connect_with_proxyERNS_10ClientImpl6SocketERNS_8ResponseERbRNS_5ErrorEENKUlRNS_6StreamEE0_clESA_
FN:9492,9522,_ZN7httplib9SSLClient10load_certsEv
FN:9495,9519,_ZZN7httplib9SSLClient10load_certsEvENKUlvE_clEv
FN:9524,9596,_ZN7httplib9SSLClient14initialize_sslERNS_10ClientImpl6SocketERNS_5ErrorE
FN:9527,9575,_ZZN7httplib9SSLClient14initialize_sslERNS_10ClientImpl6SocketERNS_5ErrorEENKUlP6ssl_stE_clES7_
FN:9558,9558,_ZZZN7httplib9SSLClient14initialize_sslERNS_10ClientImpl6SocketERNS_5ErrorEENKUlP6ssl_stE_clES7_ENKUlvE_clEv
FN:9576,9586,_ZZN7httplib9SSLClient14initialize_sslERNS_10ClientImpl6SocketERNS_5ErrorEENKUlP6ssl_stE0_clES7_
FN:9598,9600,_ZN7httplib9SSLClient12shutdown_sslERNS_10ClientImpl6SocketEb
FN:9602,9614,_ZN7httplib9SSLClient17shutdown_ssl_implERNS_10ClientImpl6SocketEb
FN:9617,9623,_ZN7httplib9SSLClient14process_socketERKNS_10ClientImpl6SocketESt8functionIFbRNS_6StreamEEE
FN:9625,9625,_ZNK7httplib9SSLClient6is_sslEv
FN:9627,9651,_ZNK7httplib9SSLClient11verify_hostEP7x509_st
FN:9654,9708,_ZNK7httplib9SSLClient33verify_host_with_subject_alt_nameEP7x509_st
FN:9710,9724,_ZNK7httplib9SSLClient28verify_host_with_common_nameEP7x509_st
FN:9726,9752,_ZNK7httplib9SSLClient15check_host_nameEPKcm
FN:9734,9736,_ZZNK7httplib9SSLClient15check_host_nameEPKcmENKUlS2_S2_E_clES2_S2_
FN:9756,9757,_ZN7httplib6ClientC2ERKNSt7__cxx1112basic_stringIcSt11char_traitsIcESaIcEEE
FN:9759,9805,_ZN7httplib6ClientC2ERKNSt7__cxx1112basic_stringIcSt11char_traitsIcESaIcEEES8_S8_
FN:9816,9816,_ZN7httplib6ClientD2Ev
FN:9822,9822,_ZN7httplib6Client3GetERKNSt7__cxx1112basic_stringIcSt11char_traitsIcESaIcEEE
FN:9917,9920,_ZN7httplib6Client4PostERKNSt7__cxx1112basic_stringIcSt11char_traitsIcESaIcEEES8_S8_
FNDA:3,_ZN7httplib6Client16set_read_timeoutEll
FNDA:3,_ZN7httplib6ResultC2EOSt10unique_ptrINS_8ResponseESt14default_deleteIS2_EENS_5ErrorEOSt18unordered_multimapINSt7__cxx1112basic_stringIcSt11char_traitsIcESaIcEEESE_NS_6detail11case_ignore4hashENSG_8equal_toESaISt4pairIKSE_SE_EEE
FNDA:3,_ZNK7httplib6ResultcvbEv
FNDA:3,_ZN7httplib6ResultptEv
FNDA:3,_ZNK7httplib10ClientImpl6Socket7is_openEv
FNDA:6,_ZN7httplib6detail10is_numericERKNSt7__cxx1112basic_stringIcSt11char_traitsIcESaIcEEE
FNDA:6,_ZN7httplib6detail20get_header_value_u64ERKSt18unordered_multimapINSt7__cxx1112basic_stringIcSt11char_traitsIcESaIcEEES7_NS0_11case_ignore4hashENS8_8equal_toESaISt4pairIKS7_S7_EEERSC_mmRb
FNDA:3,_ZN7httplib6detail20get_header_value_u64ERKSt18unordered_multimapINSt7__cxx1112basic_stringIcSt11char_traitsIcESaIcEEES7_NS0_11case_ignore4hashENS8_8equal_toESaISt4pairIKS7_S7_EEERSC_mm
FNDA:0,_ZNK7httplib7Request20get_header_value_u64ERKNSt7__cxx1112basic_stringIcSt11char_traitsIcESaIcEEEmm
FNDA:3,_ZNK7httplib8Response20get_header_value_u64ERKNSt7__cxx1112basic_stringIcSt11char_traitsIcESaIcEEEmm
FNDA:0,_ZN7httplib14status_messageEi
FNDA:3,_ZN7httplib6detail12BufferStreamC2Ev
FNDA:0,_ZN7httplib6detail12BufferStreamD0Ev
FNDA:3,_ZN7httplib6detail12BufferStreamD2Ev
FNDA:0,_ZN7httplib6detail10compressorD0Ev
FNDA:0,_ZN7httplib6detail10compressorD2Ev
FNDA:0,_ZN7httplib6detail12decompressorD0Ev
FNDA:0,_ZN7httplib6detail12decompressorD2Ev
FNDA:0,_ZN7httplib6detail12nocompressorD0Ev
FNDA:0,_ZN7httplib6detail12nocompressorD2Ev
FNDA:135,_ZN7httplib6detail6fields13is_token_charEc
FNDA:15,_ZN7httplib6detail6fields8is_tokenERKNSt7__cxx1112basic_stringIcSt11char_traitsIcESaIcEEE
FNDA:15,_ZN7httplib6detail6fields13is_field_nameERKNSt7__cxx1112basic_stringIcSt11char_traitsIcESaIcEEE
FNDA:342,_ZN7httplib6detail6fields8is_vcharEc
FNDA:0,_ZN7httplib6detail6fields11is_obs_textEc
FNDA:342,_ZN7httplib6detail6fields14is_field_vcharEc
FNDA:27,_ZN7httplib6detail6fields16is_field_contentERKNSt7__cxx1112basic_stringIcSt11char_traitsIcESaIcEEE
FNDA:27,_ZN7httplib6detail6fields14is_field_valueERKNSt7__cxx1112basic_stringIcSt11char_traitsIcESaIcEEE
FNDA:0,_ZN7httplib6detail6is_hexEcRi
FNDA:0,_ZN7httplib6detail13from_hex_to_iERKNSt7__cxx1112basic_stringIcSt11char_traitsIcESaIcEEEmmRi
FNDA:0,_ZN7httplib6detail13from_i_to_hexB5cxx11Em
FNDA:0,_ZN7httplib6detail7to_utf8EiPc
FNDA:0,_ZN7httplib6detail13base64_encodeERKNSt7__cxx1112basic_stringIcSt11char_traitsIcESaIcEEE
FNDA:0,_ZN7httplib6detail13is_valid_pathERKNSt7__cxx1112basic_stringIcSt11char_traitsIcESaIcEEE
FNDA:0,_ZN7httplib6detail8FileStatC2ERKNSt7__cxx1112basic_stringIcSt11char_traitsIcESaIcEEE
FNDA:0,_ZNK7httplib6detail8FileStat7is_fileEv
FNDA:0,_ZNK7httplib6detail8FileStat6is_dirEv
FNDA:0,_ZN7httplib6detail18encode_query_paramERKNSt7__cxx1112basic_stringIcSt11char_traitsIcESaIcEEE
FNDA:3,_ZN7httplib6detail10encode_urlERKNSt7__cxx1112basic_stringIcSt11char_traitsIcESaIcEEE
FNDA:12,_ZN7httplib6detail10decode_urlERKNSt7__cxx1112basic_stringIcSt11char_traitsIcESaIcEEEb
FNDA:0,_ZN7httplib6detail14file_extensionERKNSt7__cxx1112basic_stringIcSt11char_traitsIcESaIcEEE
FNDA:36,_ZN7httplib6detail15is_space_or_tabEc
FNDA:0,_ZN7httplib6detail4trimEPKcS2_mm
FNDA:0,_ZN7httplib6detail9trim_copyERKNSt7__cxx1112basic_stringIcSt11char_traitsIcESaIcEEE
FNDA:0,_ZN7httplib6detail23trim_double_quotes_copyERKNSt7__cxx1112basic_stringIcSt11char_traitsIcESaIcEEE
FNDA:0,_ZN7httplib6detail6divideEPKcmcSt8functionIFvS2_mS2_mEE
FNDA:0,_ZN7httplib6detail6divideERKNSt7__cxx1112basic_stringIcSt11char_traitsIcESaIcEEEcSt8functionIFvPKcmSB_mEE
FNDA:0,_ZN7httplib6detail5splitEPKcS2_cSt8functionIFvS2_S2_EE
FNDA:0,_ZN7httplib6detail5splitEPKcS2_cmSt8functionIFvS2_S2_EE
FNDA:6,_ZN7httplib6detail18stream_line_readerC2ERNS_6StreamEPcm
FNDA:42,_ZNK7httplib6detail18stream_line_reader3ptrEv
FNDA:69,_ZNK7httplib6detail18stream_line_reader4sizeEv
FNDA:15,_ZNK7httplib6detail18stream_line_reader13end_with_crlfEv
FNDA:18,_ZN7httplib6detail18stream_line_reader7getlineEv
FNDA:426,_ZN7httplib6detail18stream_line_reader6appendEc
FNDA:0,_ZN7httplib6detail4mmapC2EPKc
FNDA:0,_ZN7httplib6detail4mmapD2Ev
FNDA:0,_ZN7httplib6detail4mmap4openEPKc
FNDA:0,_ZNK7httplib6detail4mmap7is_openEv
FNDA:0,_ZNK7httplib6detail4mmap4sizeEv
FNDA:0,_ZNK7httplib6detail4mmap4dataEv
FNDA:0,_ZN7httplib6detail4mmap5closeEv
FNDA:3,_ZN7httplib6detail12close_socketEi
FNDA:3,_ZN7httplib6detail12handle_EINTRIZNS0_11read_socketEiPvmiEUlvE_EElT_
FNDA:6,_ZN7httplib6detail12handle_EINTRIZNS0_11select_readEillEUlvE_EElT_
FNDA:3,_ZN7httplib6detail12handle_EINTRIZNS0_11send_socketEiPKvmiEUlvE_EElT_
FNDA:3,_ZN7httplib6detail12handle_EINTRIZNS0_12select_writeEillEUlvE_EElT_
FNDA:3,_ZN7httplib6detail12handle_EINTRIZNS0_26wait_until_socket_is_readyEillEUlvE_EElT_
FNDA:3,_ZN7httplib6detail11read_socketEiPvmi
FNDA:3,_ZZN7httplib6detail11read_socketEiPvmiENKUlvE_clEv
FNDA:3,_ZN7httplib6detail11send_socketEiPKvmi
FNDA:3,_ZZN7httplib6detail11send_socketEiPKvmiENKUlvE_clEv
FNDA:6,_ZN7httplib6detail11select_readEill
FNDA:6,_ZZN7httplib6detail11select_readEillENKUlvE_clEv
FNDA:3,_ZN7httplib6detail12select_writeEill
FNDA:3,_ZZN7httplib6detail12select_writeEillENKUlvE_clEv
FNDA:3,_ZN7httplib6detail26wait_until_socket_is_readyEill
FNDA:3,_ZZN7httplib6detail26wait_until_socket_is_readyEillENKUlvE_clEv
FNDA:3,_ZN7httplib6detail15is_socket_aliveEi
FNDA:0,_ZN7httplib6detail11make_uniqueINS0_12nocompressorEJEEENSt9enable_ifIXntsrSt8is_arrayIT_E5valueESt10unique_ptrIS5_St14default_deleteIS5_EEE4typeEDpOT0_
FNDA:0,_ZN7httplib6detail11make_uniqueINS0_15gzip_compressorEJEEENSt9enable_ifIXntsrSt8is_arrayIT_E5valueESt10unique_ptrIS5_St14default_deleteIS5_EEE4typeEDpOT0_
FNDA:0,_ZN7httplib6detail11make_uniqueINS0_17gzip_decompressorEJEEENSt9enable_ifIXntsrSt8is_arrayIT_E5valueESt10unique_ptrIS5_St14default_deleteIS5_EEE4typeEDpOT0_
FNDA:0,_ZN7httplib6detail11make_uniqueINS_10ClientImplEJRKNSt7__cxx1112basic_stringIcSt11char_traitsIcESaIcEEEiSA_SA_EEENSt9enable_ifIXntsrSt8is_arrayIT_E5valueESt10unique_ptrISD_St14default_deleteISD_EEE4typeEDpOT0_
FNDA:3,_ZN7httplib6detail11make_uniqueINS_10ClientImplEJRNSt7__cxx1112basic_stringIcSt11char_traitsIcESaIcEEERiRKS8_SC_EEENSt9enable_ifIXntsrSt8is_arrayIT_E5valueESt10unique_ptrISF_St14default_deleteISF_EEE4typeEDpOT0_
FNDA:3,_ZN7httplib6detail11make_uniqueINS_8ResponseEJEEENSt9enable_ifIXntsrSt8is_arrayIT_E5valueESt10unique_ptrIS5_St14default_deleteIS5_EEE4typeEDpOT0_
FNDA:0,_ZN7httplib6detail11make_uniqueINS_9SSLClientEJRNSt7__cxx1112basic_stringIcSt11char_traitsIcESaIcEEERiRKS8_SC_EEENSt9enable_ifIXntsrSt8is_arrayIT_E5valueESt10unique_ptrISF_St14default_deleteISF_EEE4typeEDpOT0_
FNDA:0,_ZN7httplib6detail10keep_aliveERKSt6atomicIiEil
FNDA:0,_ZN7httplib6detail26process_server_socket_coreIZNS0_21process_server_socketIZNS_6Server24process_and_close_socketEiEUlRNS_6StreamEbRbE_EEbRKSt6atomicIiEimlllllT_EUlbS6_E_EEbSB_imlSC_
FNDA:0,_ZN7httplib6detail26process_server_socket_coreIZNS0_25process_server_socket_sslIZNS_9SSLServer24process_and_close_socketEiEUlRNS_6StreamEbRbE_EEbRKSt6atomicIiEP6ssl_stimlllllT_EUlbS6_E_EEbSB_imlSE_
FNDA:0,_ZN7httplib6detail21process_server_socketIZNS_6Server24process_and_close_socketEiEUlRNS_6StreamEbRbE_EEbRKSt6atomicIiEimlllllT_
FNDA:0,_ZZN7httplib6detail21process_server_socketIZNS_6Server24process_and_close_socketEiEUlRNS_6StreamEbRbE_EEbRKSt6atomicIiEimlllllT_ENKUlbS5_E_clEbS5_
FNDA:3,_ZN7httplib6detail21process_client_socketEillllSt8functionIFbRNS_6StreamEEE
FNDA:3,_ZN7httplib6detail15shutdown_socketEi
FNDA:3,_ZN7httplib6detail37escape_abstract_namespace_unix_domainERKNSt7__cxx1112basic_stringIcSt11char_traitsIcESaIcEEE
FNDA:0,_ZN7httplib6detail39unescape_abstract_namespace_unix_domainERKNSt7__cxx1112basic_stringIcSt11char_traitsIcESaIcEEE
FNDA:3,_ZN7httplib6detail13create_socketIZNS0_20create_client_socketERKNSt7__cxx1112basic_stringIcSt11char_traitsIcESaIcEEES9_iibbSt8functionIFviEEllllllS9_RNS_5ErrorEEUliR8addrinfoRbE_EEiS9_S9_iiibbSC_T_
FNDA:1053,_ZN7httplib6detail11case_ignore8to_lowerEi
FNDA:3,_ZZN7httplib6detail13create_socketIZNS0_20create_client_socketERKNSt7__cxx1112basic_stringIcSt11char_traitsIcESaIcEEES9_iibbSt8functionIFviEEllllllS9_RNS_5ErrorEEUliR8addrinfoRbE_EEiS9_S9_iiibbSC_T_ENKUlvE_clEv
FNDA:6,_ZN7httplib6detail15set_nonblockingEib
FNDA:3,_ZN7httplib6detail19is_connection_errorEv
FNDA:0,_ZN7httplib6detail15bind_ip_addressEiRKNSt7__cxx1112basic_stringIcSt11char_traitsIcESaIcEEE
FNDA:0,_ZZN7httplib6detail15bind_ip_addressEiRKNSt7__cxx1112basic_stringIcSt11char_traitsIcESaIcEEEENKUlvE_clEv
FNDA:0,_ZN7httplib6detail5if2ipEiRKNSt7__cxx1112basic_stringIcSt11char_traitsIcESaIcEEE
FNDA:0,_ZZN7httplib6detail5if2ipEiRKNSt7__cxx1112basic_stringIcSt11char_traitsIcESaIcEEEENKUlvE_clEv
FNDA:3,_ZN7httplib6detail20create_client_socketERKNSt7__cxx1112basic_stringIcSt11char_traitsIcESaIcEEES8_iibbSt8functionIFviEEllllllS8_RNS_5ErrorE
FNDA:3,_ZZN7httplib6detail20create_client_socketERKNSt7__cxx1112basic_stringIcSt11char_traitsIcESaIcEEES8_iibbSt8functionIFviEEllllllS8_RNS_5ErrorEENKUliR8addrinfoRbE_clEiSF_SG_
FNDA:42,_ZN7httplib6detail11case_ignore5equalERKNSt7__cxx1112basic_stringIcSt11char_traitsIcESaIcEEES9_
FNDA:198,_ZZN7httplib6detail11case_ignore5equalERKNSt7__cxx1112basic_stringIcSt11char_traitsIcESaIcEEES9_ENKUlccE_clEcc
FNDA:0,_ZN7httplib6detail15get_ip_and_portERK16sockaddr_storagejRNSt7__cxx1112basic_stringIcSt11char_traitsIcESaIcEEERi
FNDA:15,_ZNK7httplib6detail11case_ignore8equal_toclERKNSt7__cxx1112basic_stringIcSt11char_traitsIcESaIcEEESA_
FNDA:0,_ZN7httplib6detail21get_local_ip_and_portEiRNSt7__cxx1112basic_stringIcSt11char_traitsIcESaIcEEERi
FNDA:0,_ZN7httplib6detail22get_remote_ip_and_portEiRNSt7__cxx1112basic_stringIcSt11char_traitsIcESaIcEEERi
FNDA:0,_ZN7httplib6detail12str2tag_coreEPKcmj
FNDA:0,_ZN7httplib6detail7str2tagERKNSt7__cxx1112basic_stringIcSt11char_traitsIcESaIcEEE
FNDA:60,_ZNK7httplib6detail11case_ignore4hashclERKNSt7__cxx1112basic_stringIcSt11char_traitsIcESaIcEEE
FNDA:0,_ZN7httplib6detail17find_content_typeERKNSt7__cxx1112basic_stringIcSt11char_traitsIcESaIcEEERKSt3mapIS6_S6_St4lessIS6_ESaISt4pairIS7_S6_EEES8_
FNDA:717,_ZNK7httplib6detail11case_ignore4hash9hash_coreEPKcmm
FNDA:0,_ZN7httplib6detail25can_compress_content_typeERKNSt7__cxx1112basic_stringIcSt11char_traitsIcESaIcEEE
FNDA:0,_ZN7httplib6detail13encoding_typeERKNS_7RequestERKNS_8ResponseE
FNDA:0,_ZN7httplib6detail12nocompressor8compressEPKcmbSt8functionIFbS3_mEE
FNDA:0,_ZN7httplib6detail15gzip_compressorC2Ev
FNDA:0,_ZN7httplib6detail15gzip_compressorD0Ev
FNDA:0,_ZN7httplib6detail15gzip_compressorD2Ev
FNDA:0,_ZN7httplib6detail15gzip_compressor8compressEPKcmbSt8functionIFbS3_mEE
FNDA:0,_ZN7httplib6detail17gzip_decompressorC2Ev
FNDA:0,_ZN7httplib6detail17gzip_decompressorD0Ev
FNDA:0,_ZN7httplib6detail17gzip_decompressorD2Ev
FNDA:0,_ZNK7httplib6detail17gzip_decompressor8is_validEv
FNDA:0,_ZN7httplib6detail17gzip_decompressor10decompressEPKcmSt8functionIFbS3_mEE
FNDA:6,_ZN7httplib6detail10scope_exitC2EOSt8functionIFvvEE
FNDA:6,_ZN7httplib6detail10scope_exitD2Ev
[...]
FNDA:1,_ZL20DOCTEST_ANON_FUNC_27v
FNDA:0,_ZZL20DOCTEST_ANON_FUNC_27vENKUlRKSt6vectorI7MessageSaIS0_EEE_clES4_
FNDA:1,_ZL20DOCTEST_ANON_FUNC_31v
FNDA:0,_ZZL20DOCTEST_ANON_FUNC_31vENKUlRKSt6vectorI7MessageSaIS0_EEE_clES4_
FNDA:1,_ZL20DOCTEST_ANON_FUNC_35v
FNDA:0,_ZZL20DOCTEST_ANON_FUNC_35vENKUlRKSt6vectorI7MessageSaIS0_EEE_clES4_
FNDA:2,_ZL20DOCTEST_ANON_FUNC_39v
FNDA:2,_ZZL20DOCTEST_ANON_FUNC_39vENKUlRKSt6vectorI7MessageSaIS0_EEE_clES4_
FNDA:1,_ZL20DOCTEST_ANON_FUNC_45v
FNDA:0,_ZZL20DOCTEST_ANON_FUNC_45vENKUlRKSt6vectorI7MessageSaIS0_EEE_clES4_
FNDA:1,_ZL20DOCTEST_ANON_FUNC_49v
FNF:12
FNH:7
DA:12,1
DA:13,1
DA:14,1
DA:15,1
DA:16,1
DA:17,1
DA:18,1
DA:19,1
DA:20,1
DA:22,1
DA:24,1
DA:26,1
DA:27,1
DA:28,1
DA:30,1
DA:31,1
DA:32,1
DA:33,1
DA:34,1
DA:35,1
DA:36,1
DA:37,1
DA:38,1
DA:39,1
DA:40,1
DA:42,1
DA:44,1
DA:45,1
DA:46,1
DA:48,1
DA:49,1
DA:50,1
DA:51,1
DA:52,1
DA:53,1
DA:54,1
DA:55,1
DA:56,1
DA:58,1
DA:59,1
DA:60,1
DA:62,2
DA:63,2
DA:64,2
DA:65,4
DA:66,2
DA:67,2
DA:68,2
DA:69,2
DA:70,2
DA:71,1
DA:73,2
DA:74,2
DA:75,1
DA:77,2
DA:78,2
DA:79,4
DA:80,2
DA:82,1
DA:83,1
DA:84,1
DA:85,1
DA:86,1
DA:87,1
DA:88,1
DA:89,1
DA:90,1
DA:91,1
DA:92,1
DA:94,1
DA:95,1
DA:96,1
DA:98,1
DA:99,1
DA:100,1
DA:101,1
DA:102,1
DA:103,1
DA:104,1
DA:105,1
DA:106,1
DA:107,1
DA:108,1
DA:110,1
DA:111,1
DA:112,1
LF:86
LH:86
end_of_record
TN:
SF:/home/gius/git/llama-cli/src/repl/repl.cpp
FN:120,130,_ZL10handle_setRKNSt7__cxx1112basic_stringIcSt11char_traitsIcESaIcEEER9ReplState
FN:143,187,_ZL22handle_model_selectionR9ReplState
FN:206,222,_ZL14handle_commandRK11ParsedInputR9ReplState
FN:230,236,_ZL9read_fileRKNSt7__cxx1112basic_stringIcSt11char_traitsIcESaIcEEE
FN:240,246,_ZL14emit_diff_lineRSoPKcS1_RKNSt7__cxx1112basic_stringIcSt11char_traitsIcESaIcEEEb
FN:255,286,_ZL9show_diffRKNSt7__cxx1112basic_stringIcSt11char_traitsIcESaIcEEES6_RSob
FN:257,265,_ZZL9show_diffRKNSt7__cxx1112basic_stringIcSt11char_traitsIcESaIcEEES6_RSobENKUlS6_E_clES6_
FN:297,325,_ZL13confirm_writeRK11WriteActionRSiRSob
FN:341,361,_ZL13process_writeRK11WriteActionRSiRSob
FN:366,403,_ZL19process_str_replaceRK16StrReplaceActionRSiRSob
FN:414,461,_ZL12process_readRK10ReadActionRSob
FN:42,42,_ZL14sigint_handleri
FN:473,491,_ZL22parse_exec_annotationsRKNSt7__cxx1112basic_stringIcSt11char_traitsIcESaIcEEE
FN:505,522,_ZL22strip_exec_annotationsRKNSt7__cxx1112basic_stringIcSt11char_traitsIcESaIcEEE
FN:527,540,_ZL12confirm_execRKNSt7__cxx1112basic_stringIcSt11char_traitsIcESaIcEEERK6ConfigRSiRSo
FN:557,598,_ZL15handle_responseRKNSt7__cxx1112basic_stringIcSt11char_traitsIcESaIcEEER9ReplState
FN:60,68,_ZL11get_versionv
FN:616,633,_ZL9read_lineRSiRSoRNSt7__cxx1112basic_stringIcSt11char_traitsIcESaIcEEEb
FN:650,659,_ZL8run_execRKNSt7__cxx1112basic_stringIcSt11char_traitsIcESaIcEEEbR9ReplState
FN:666,682,_ZL18interruptible_chatR9ReplState
FN:669,672,_ZZL18interruptible_chatR9ReplStateENKUlvE_clEv
FN:687,694,_ZL17chat_with_spinnerR9ReplState
FN:711,739,_ZL11send_promptRKNSt7__cxx1112basic_stringIcSt11char_traitsIcESaIcEEER9ReplState
FN:72,78,_ZL12show_optionsR9ReplState
FN:753,772,_ZL8dispatchRKNSt7__cxx1112basic_stringIcSt11char_traitsIcESaIcEEER9ReplState
FN:776,794,_Z8run_replSt8functionIFNSt7__cxx1112basic_stringIcSt11char_traitsIcESaIcEEERKSt6vectorI7MessageSaIS7_EEEERK6ConfigRSiRSo
FN:82,106,_ZL13toggle_optionRKNSt7__cxx1112basic_stringIcSt11char_traitsIcESaIcEEER9ReplState
FNDA:15,_ZL10handle_setRKNSt7__cxx1112basic_stringIcSt11char_traitsIcESaIcEEER9ReplState
FNDA:3,_ZL22handle_model_selectionR9ReplState
FNDA:32,_ZL14handle_commandRK11ParsedInputR9ReplState
FNDA:32,_ZL9read_fileRKNSt7__cxx1112basic_stringIcSt11char_traitsIcESaIcEEE
FNDA:10,_ZL14emit_diff_lineRSoPKcS1_RKNSt7__cxx1112basic_stringIcSt11char_traitsIcESaIcEEEb
FNDA:5,_ZL9show_diffRKNSt7__cxx1112basic_stringIcSt11char_traitsIcESaIcEEES6_RSob
FNDA:10,_ZZL9show_diffRKNSt7__cxx1112basic_stringIcSt11char_traitsIcESaIcEEES6_RSobENKUlS6_E_clES6_
FNDA:16,_ZL13confirm_writeRK11WriteActionRSiRSob
FNDA:16,_ZL13process_writeRK11WriteActionRSiRSob
FNDA:2,_ZL19process_str_replaceRK16StrReplaceActionRSiRSob
FNDA:2,_ZL12process_readRK10ReadActionRSob
FNDA:0,_ZL14sigint_handleri
FNDA:58,_ZL22parse_exec_annotationsRKNSt7__cxx1112basic_stringIcSt11char_traitsIcESaIcEEE
FNDA:27,_ZL22strip_exec_annotationsRKNSt7__cxx1112basic_stringIcSt11char_traitsIcESaIcEEE
FNDA:7,_ZL12confirm_execRKNSt7__cxx1112basic_stringIcSt11char_traitsIcESaIcEEERK6ConfigRSiRSo
FNDA:58,_ZL15handle_responseRKNSt7__cxx1112basic_stringIcSt11char_traitsIcESaIcEEER9ReplState
FNDA:4,_ZL11get_versionv
FNDA:182,_ZL9read_lineRSiRSoRNSt7__cxx1112basic_stringIcSt11char_traitsIcESaIcEEEb
FNDA:8,_ZL8run_execRKNSt7__cxx1112basic_stringIcSt11char_traitsIcESaIcEEEbR9ReplState
FNDA:64,_ZL18interruptible_chatR9ReplState
FNDA:64,_ZZL18interruptible_chatR9ReplStateENKUlvE_clEv
FNDA:64,_ZL17chat_with_spinnerR9ReplState
FNDA:58,_ZL11send_promptRKNSt7__cxx1112basic_stringIcSt11char_traitsIcESaIcEEER9ReplState
FNDA:5,_ZL12show_optionsR9ReplState
FNDA:175,_ZL8dispatchRKNSt7__cxx1112basic_stringIcSt11char_traitsIcESaIcEEER9ReplState
FNDA:78,_Z8run_replSt8functionIFNSt7__cxx1112basic_stringIcSt11char_traitsIcESaIcEEERKSt6vectorI7MessageSaIS7_EEEERK6ConfigRSiRSo
FNDA:10,_ZL13toggle_optionRKNSt7__cxx1112basic_stringIcSt11char_traitsIcESaIcEEER9ReplState
FNF:27
FNH:26
DA:42,0
DA:60,4
DA:61,4
DA:63,4
DA:64,4
DA:66,4
DA:67,4
DA:68,0
DA:72,5
DA:73,5
DA:74,5
DA:75,5
DA:76,5
DA:77,5
DA:78,5
DA:82,10
DA:93,10
DA:94,0
DA:95,0
DA:96,0
DA:98,21
DA:99,19
DA:100,8
DA:101,8
DA:102,8
DA:105,2
DA:120,15
DA:121,15
DA:122,5
DA:123,5
DA:125,10
DA:126,10
DA:127,10
DA:128,2
DA:130,10
DA:143,3
DA:145,3
DA:147,3
DA:148,3
DA:149,3
DA:153,0
DA:154,0
DA:155,0
DA:159,0
DA:160,0
DA:162,0
DA:163,0
DA:164,0
DA:165,0
DA:169,0
DA:171,0
DA:172,0
DA:173,0
DA:174,0
DA:175,0
DA:178,0
DA:179,0
DA:180,0
DA:184,0
DA:185,0
DA:186,0
DA:187,3
DA:206,32
DA:207,32
DA:208,2
DA:209,2
DA:210,30
DA:211,15
DA:212,15
DA:213,3
DA:214,12
DA:215,4
DA:216,8
DA:217,5
DA:219,3
DA:221,32
DA:230,32
DA:231,32
DA:232,32
DA:233,44
DA:235,10
DA:236,32
DA:240,10
DA:241,10
DA:242,0
DA:244,10
DA:246,10
DA:255,5
DA:257,10
DA:258,10
DA:259,10
DA:260,10
DA:261,28
DA:262,18
DA:264,20
DA:265,10
DA:266,5
DA:267,5
DA:269,5
DA:270,5
DA:272,19
DA:273,14
DA:274,14
DA:275,5
DA:276,5
DA:277,5
DA:278,5
DA:279,5
DA:280,5
DA:281,4
DA:282,4
DA:283,4
DA:285,5
DA:286,5
DA:297,16
DA:298,16
DA:299,16
DA:300,16
DA:303,16
DA:304,3
DA:306,13
DA:309,16
DA:310,16
DA:311,16
DA:312,20
DA:313,20
DA:314,12
DA:316,8
DA:317,4
DA:319,4
DA:320,4
DA:322,4
DA:324,0
DA:325,16
DA:341,16
DA:342,16
DA:344,12
DA:345,12
DA:346,3
DA:347,3
DA:348,3
DA:350,3
DA:351,12
DA:352,12
DA:353,12
DA:354,12
DA:356,0
DA:358,12
DA:359,4
DA:361,16
DA:366,2
DA:367,2
DA:368,2
DA:369,0
DA:370,0
DA:372,2
DA:373,2
DA:374,0
DA:375,0
DA:379,2
DA:380,2
DA:381,2
DA:382,2
DA:384,2
DA:385,2
DA:386,2
DA:387,1
DA:388,1
DA:393,1
DA:394,1
DA:395,1
DA:396,1
DA:397,1
DA:398,1
DA:399,1
DA:401,0
DA:403,5
DA:414,2
DA:415,2
DA:416,2
DA:417,0
DA:418,0
DA:420,2
DA:423,2
DA:424,2
DA:425,2
DA:426,12
DA:427,10
DA:430,2
DA:431,2
DA:433,2
DA:435,0
DA:436,0
DA:437,0
DA:438,0
DA:439,0
DA:440,0
DA:441,0
DA:443,0
DA:446,2
DA:448,2
DA:449,2
DA:450,2
DA:451,8
DA:452,6
DA:454,2
DA:456,0
DA:459,2
DA:460,2
DA:461,2
DA:473,58
DA:474,58
DA:475,116
DA:476,58
DA:477,58
DA:478,65
DA:479,58
DA:480,58
DA:481,51
DA:483,7
DA:484,7
DA:485,0
DA:487,7
DA:488,7
DA:490,116
DA:491,58
DA:505,27
DA:506,27
DA:507,54
DA:508,54
DA:510,34
DA:511,34
DA:512,27
DA:514,7
DA:515,7
DA:516,0
DA:518,7
DA:519,7
DA:520,7
DA:521,54
DA:522,27
DA:527,7
DA:528,7
DA:529,7
DA:530,7
DA:531,0
DA:533,7
DA:534,3
DA:535,6
DA:537,4
DA:538,4
DA:539,4
DA:540,7
DA:557,58
DA:558,58
DA:559,58
DA:560,58
DA:561,58
DA:563,58
DA:564,31
DA:565,31
DA:569,27
DA:571,43
DA:572,16
DA:574,29
DA:575,2
DA:577,27
DA:578,27
DA:579,29
DA:580,2
DA:581,2
DA:582,0
DA:584,2
DA:585,2
DA:586,4
DA:587,2
DA:589,2
DA:590,34
DA:591,7
DA:592,7
DA:593,12
DA:594,4
DA:596,7
DA:597,27
DA:598,74
DA:616,182
DA:618,182
DA:619,182
DA:622,0
DA:623,0
DA:626,0
DA:627,0
DA:628,0
DA:629,0
DA:631,0
DA:632,0
DA:633,0
DA:650,8
DA:651,8
DA:652,8
DA:653,8
DA:654,0
DA:656,8
DA:657,12
DA:659,16
DA:666,64
DA:667,64
DA:668,64
DA:669,0
DA:670,64
DA:671,64
DA:672,128
DA:673,128
DA:674,64
DA:676,64
DA:677,64
DA:678,64
DA:680,0
DA:681,0
DA:682,64
DA:687,64
DA:688,64
DA:689,64
DA:690,64
DA:691,64
DA:692,64
DA:693,128
DA:694,64
DA:711,58
DA:713,58
DA:714,0
DA:717,116
DA:718,58
DA:719,58
DA:720,0
DA:721,0
DA:722,0
DA:723,0
DA:725,116
DA:726,116
DA:727,58
DA:729,58
DA:730,6
DA:731,6
DA:732,6
DA:733,12
DA:735,0
DA:736,0
DA:738,6
DA:739,302
DA:753,175
DA:754,175
DA:755,175
DA:756,77
DA:758,98
DA:759,32
DA:760,32
DA:762,66
DA:763,4
DA:764,4
DA:766,62
DA:767,4
DA:768,4
DA:770,58
DA:771,58
DA:772,175
DA:776,78
DA:777,78
DA:778,78
DA:779,78
DA:780,1
DA:782,78
DA:783,78
DA:785,182
DA:786,181
DA:787,6
DA:789,175
DA:790,77
DA:793,78
DA:794,80
LF:380
LH:311
end_of_record
TN:
SF:/home/gius/git/llama-cli/src/repl/repl_test.cpp
FN:103,145,_ZL20DOCTEST_ANON_FUNC_46v
FN:106,117,_ZZL20DOCTEST_ANON_FUNC_46vENKUlRKSt6vectorI7MessageSaIS0_EEE_clES4_
FN:130,136,_ZZL20DOCTEST_ANON_FUNC_46vENKUlRKSt6vectorI7MessageSaIS0_EEE0_clES4_
FN:147,194,_ZL20DOCTEST_ANON_FUNC_53v
FN:167,171,_ZZL20DOCTEST_ANON_FUNC_53vENKUlRKSt6vectorI7MessageSaIS0_EEE_clES4_
FN:17,17,_ZL9echo_chatRKSt6vectorI7MessageSaIS0_EE
FN:196,266,_ZL20DOCTEST_ANON_FUNC_65v
FN:198,201,_ZZL20DOCTEST_ANON_FUNC_65vENKUlRKSt6vectorI7MessageSaIS0_EEE_clES4_
FN:20,24,_ZL8test_cfgv
FN:26,101,_ZL20DOCTEST_ANON_FUNC_27v
FN:268,340,_ZL20DOCTEST_ANON_FUNC_81v
FN:287,299,_ZZL20DOCTEST_ANON_FUNC_81vENKUlRKSt6vectorI7MessageSaIS0_EEE_clES4_
FN:312,312,_ZZL20DOCTEST_ANON_FUNC_81vENKUlRKSt6vectorI7MessageSaIS0_EEE0_clES4_
FN:329,329,_ZZL20DOCTEST_ANON_FUNC_81vENKUlRKSt6vectorI7MessageSaIS0_EEE1_clES4_
FN:342,406,_ZL20DOCTEST_ANON_FUNC_97v
FN:408,420,_ZL21DOCTEST_ANON_FUNC_114v
FN:422,435,_ZL21DOCTEST_ANON_FUNC_119v
FNDA:2,_ZL20DOCTEST_ANON_FUNC_46v
FNDA:2,_ZZL20DOCTEST_ANON_FUNC_46vENKUlRKSt6vectorI7MessageSaIS0_EEE_clES4_
FNDA:1,_ZZL20DOCTEST_ANON_FUNC_46vENKUlRKSt6vectorI7MessageSaIS0_EEE0_clES4_
FNDA:4,_ZL20DOCTEST_ANON_FUNC_53v
FNDA:2,_ZZL20DOCTEST_ANON_FUNC_53vENKUlRKSt6vectorI7MessageSaIS0_EEE_clES4_
FNDA:10,_ZL9echo_chatRKSt6vectorI7MessageSaIS0_EE
FNDA:8,_ZL20DOCTEST_ANON_FUNC_65v
FNDA:8,_ZZL20DOCTEST_ANON_FUNC_65vENKUlRKSt6vectorI7MessageSaIS0_EEE_clES4_
FNDA:34,_ZL8test_cfgv
FNDA:8,_ZL20DOCTEST_ANON_FUNC_27v
FNDA:6,_ZL20DOCTEST_ANON_FUNC_81v
FNDA:1,_ZZL20DOCTEST_ANON_FUNC_81vENKUlRKSt6vectorI7MessageSaIS0_EEE_clES4_
FNDA:4,_ZZL20DOCTEST_ANON_FUNC_81vENKUlRKSt6vectorI7MessageSaIS0_EEE0_clES4_
FNDA:1,_ZZL20DOCTEST_ANON_FUNC_81vENKUlRKSt6vectorI7MessageSaIS0_EEE1_clES4_
FNDA:5,_ZL20DOCTEST_ANON_FUNC_97v
FNDA:1,_ZL21DOCTEST_ANON_FUNC_114v
FNDA:1,_ZL21DOCTEST_ANON_FUNC_119v
FNF:17
FNH:17
DA:17,10
DA:20,34
DA:21,34
DA:22,34
DA:23,34
DA:24,0
DA:26,8
DA:27,8
DA:28,2
DA:29,2
DA:30,2
DA:31,2
DA:32,2
DA:33,1
DA:35,2
DA:36,2
DA:37,1
DA:39,2
DA:40,2
DA:41,10
DA:43,8
DA:44,1
DA:45,1
DA:46,1
DA:47,1
DA:48,1
DA:49,1
DA:51,1
DA:52,1
DA:53,9
DA:55,8
DA:56,1
DA:57,1
DA:58,1
DA:59,1
DA:61,1
DA:62,9
DA:64,8
DA:65,1
DA:66,1
DA:67,1
DA:68,1
DA:70,1
DA:71,9
DA:73,8
DA:74,2
DA:75,2
DA:76,2
DA:77,2
DA:78,2
DA:79,1
DA:81,2
DA:82,2
DA:83,1
DA:85,1
DA:87,1
DA:89,2
DA:90,2
DA:91,10
DA:93,8
DA:94,1
DA:95,1
DA:96,1
DA:97,1
DA:99,1
DA:100,9
DA:101,8
DA:103,2
DA:104,2
DA:105,1
DA:106,2
DA:107,2
DA:108,2
DA:109,1
DA:112,2
DA:113,1
DA:116,2
DA:117,1
DA:118,1
DA:119,1
DA:120,1
DA:121,1
DA:122,1
DA:123,1
DA:125,1
DA:126,1
DA:127,3
DA:129,2
DA:130,1
DA:131,1
DA:133,1
DA:135,1
DA:137,1
DA:138,1
DA:139,1
DA:140,1
DA:141,1
DA:142,1
DA:143,2
DA:144,3
DA:145,2
DA:147,4
DA:148,4
DA:149,2
DA:150,2
DA:151,2
DA:152,2
DA:153,2
DA:154,1
DA:156,2
DA:157,2
DA:158,1
DA:160,1
DA:162,2
DA:163,2
DA:164,6
DA:166,4
DA:167,2
DA:168,2
DA:170,2
DA:172,1
DA:173,1
DA:174,1
DA:175,1
DA:176,1
DA:177,1
DA:179,1
DA:180,1
DA:181,5
DA:183,4
DA:184,1
DA:185,1
DA:186,1
DA:187,1
DA:188,1
DA:189,1
DA:191,1
DA:192,1
DA:193,5
DA:194,4
DA:196,8
DA:198,8
DA:200,8
DA:203,8
DA:204,4
DA:205,4
DA:206,4
DA:207,4
DA:208,4
DA:209,1
DA:211,4
DA:212,4
DA:213,1
DA:215,4
DA:216,4
DA:217,1
DA:218,1
DA:220,1
DA:221,1
DA:222,1
DA:224,5
DA:225,4
DA:226,1
DA:228,4
DA:229,4
DA:230,4
DA:231,12
DA:233,8
DA:234,2
DA:235,2
DA:236,2
DA:237,2
DA:238,2
DA:239,1
DA:240,1
DA:242,3
DA:243,2
DA:244,1
DA:246,2
DA:247,2
DA:248,10
DA:250,8
DA:251,2
DA:252,2
DA:253,2
DA:254,2
DA:255,2
DA:256,1
DA:258,2
DA:259,2
DA:260,1
DA:262,2
DA:263,2
DA:264,2
DA:265,10
DA:266,8
DA:268,6
DA:269,6
DA:270,2
DA:271,2
DA:272,2
DA:273,2
DA:274,2
DA:275,1
DA:277,2
DA:278,2
DA:279,1
DA:281,2
DA:282,2
DA:283,8
DA:285,6
DA:286,1
DA:287,1
DA:288,1
DA:290,1
DA:291,3
DA:292,2
DA:293,1
DA:296,1
DA:298,1
DA:299,1
DA:300,1
DA:301,1
DA:302,1
DA:303,1
DA:304,1
DA:305,1
DA:307,1
DA:308,1
DA:309,7
DA:311,6
DA:312,4
DA:313,2
DA:314,2
DA:315,2
DA:316,2
DA:317,2
DA:318,1
DA:320,2
DA:321,2
DA:322,1
DA:324,2
DA:325,2
DA:326,8
DA:328,6
DA:329,1
DA:330,1
DA:331,1
DA:332,1
DA:333,1
DA:334,1
DA:335,1
DA:337,1
DA:338,1
DA:339,7
DA:340,6
DA:342,5
DA:343,5
DA:344,1
DA:345,1
DA:346,1
DA:347,1
DA:348,1
DA:349,1
DA:351,1
DA:353,1
DA:355,1
DA:356,1
DA:357,6
DA:359,5
DA:360,1
DA:361,1
DA:362,1
DA:363,1
DA:364,1
DA:365,1
DA:367,1
DA:368,1
DA:369,6
DA:371,5
DA:372,1
DA:373,1
DA:374,1
DA:375,1
DA:376,1
DA:377,1
DA:379,1
DA:380,1
DA:381,6
DA:383,5
DA:384,1
DA:385,1
DA:386,1
DA:387,1
DA:388,1
DA:389,1
DA:391,1
DA:392,1
DA:393,6
DA:395,5
DA:396,1
DA:397,1
DA:398,1
DA:399,1
DA:400,1
DA:401,1
DA:403,1
DA:404,1
DA:405,6
DA:406,5
DA:408,1
DA:409,1
DA:410,1
DA:411,1
DA:412,1
DA:413,1
DA:414,1
DA:415,1
DA:417,1
DA:418,1
DA:419,2
DA:420,1
DA:422,1
DA:423,1
DA:425,1
DA:426,1
DA:427,1
DA:428,1
DA:429,1
DA:430,1
DA:432,1
DA:433,1
DA:434,2
DA:435,1
LF:334
LH:333
end_of_record
TN:
SF:/home/gius/git/llama-cli/src/test_helpers.h
FN:21,28,_ZN7MockLLMclB5cxx11ERKSt6vectorI7MessageSaIS1_EE
FN:32,36,_Z8test_cfgv
FNDA:14,_ZN7MockLLMclB5cxx11ERKSt6vectorI7MessageSaIS1_EE
FNDA:43,_Z8test_cfgv
FNF:2
FNH:2
DA:21,14
DA:22,14
DA:23,14
DA:24,14
DA:25,0
DA:27,14
DA:32,43
DA:33,43
DA:34,43
DA:35,43
DA:36,0
LF:11
LH:9
end_of_record
TN:
SF:/home/gius/git/llama-cli/src/trace/trace.cpp
FN:16,35,_ZN11StderrTrace3logEPKcz
FN:37,47,_ZN14CapturingTrace3logEPKcz
FNDA:0,_ZN11StderrTrace3logEPKcz
FNDA:3,_ZN14CapturingTrace3logEPKcz
FNF:2
FNH:1
DA:16,0
DA:18,0
DA:20,0
DA:22,0
DA:24,0
DA:25,0
DA:31,0
DA:33,0
DA:34,0
DA:35,0
DA:37,3
DA:42,3
DA:44,3
DA:45,3
DA:46,6
DA:47,3
LF:16
LH:6
end_of_record
TN:
SF:/home/gius/git/llama-cli/src/trace/trace.h
FN:39,39,_ZN5TraceD0Ev
FN:39,39,_ZN5TraceD2Ev
FNDA:0,_ZN5TraceD0Ev
FNDA:9,_ZN5TraceD2Ev
FNF:2
FNH:1
DA:39,9
LF:1
LH:1
end_of_record
TN:
SF:/home/gius/git/llama-cli/src/trace/trace_test.cpp
FN:10,35,_ZL20DOCTEST_ANON_FUNC_27v
FN:37,44,_ZL20DOCTEST_ANON_FUNC_34v
FNDA:2,_ZL20DOCTEST_ANON_FUNC_27v
FNDA:1,_ZL20DOCTEST_ANON_FUNC_34v
FNF:2
FNH:2
DA:10,2
DA:11,2
DA:12,2
DA:13,2
DA:14,1
DA:15,1
DA:16,1
DA:18,1
DA:20,1
DA:21,2
DA:22,2
DA:23,1
DA:24,1
DA:25,1
DA:26,1
DA:28,1
DA:30,1
DA:32,1
DA:33,2
DA:34,4
DA:35,2
DA:37,1
DA:38,1
DA:39,1
DA:40,1
DA:42,1
DA:43,1
DA:44,1
LF:28
LH:28
end_of_record
TN:
SF:/home/gius/git/llama-cli/src/tui/markdown_it.cpp
FN:13,29,_ZL20DOCTEST_ANON_FUNC_27v
FN:15,15,_ZZL20DOCTEST_ANON_FUNC_27vENKUlRKSt6vectorI7MessageSaIS0_EEE_clES4_
FN:31,102,_ZL20DOCTEST_ANON_FUNC_32v
FNDA:1,_ZL20DOCTEST_ANON_FUNC_27v
FNDA:1,_ZZL20DOCTEST_ANON_FUNC_27vENKUlRKSt6vectorI7MessageSaIS0_EEE_clES4_
FNDA:8,_ZL20DOCTEST_ANON_FUNC_32v
FNF:3
FNH:3
DA:13,1
DA:14,1
DA:15,1
DA:17,1
DA:18,1
DA:19,1
DA:20,1
DA:21,1
DA:22,1
DA:24,1
DA:26,1
DA:27,2
DA:28,1
DA:29,1
DA:31,8
DA:32,8
DA:33,7
DA:34,1
DA:35,1
DA:36,1
DA:38,1
DA:40,1
DA:41,8
DA:42,7
DA:43,1
DA:44,1
DA:45,1
DA:47,1
DA:49,1
DA:50,8
DA:51,7
DA:52,1
DA:53,1
DA:54,1
DA:56,1
DA:58,1
DA:59,8
DA:60,7
DA:61,1
DA:62,1
DA:63,1
DA:65,1
DA:67,1
DA:68,8
DA:69,7
DA:70,1
DA:71,1
DA:72,1
DA:74,1
DA:76,1
DA:77,8
DA:78,7
DA:79,1
DA:80,1
DA:81,1
DA:83,1
DA:84,8
DA:85,7
DA:86,1
DA:87,1
DA:88,1
DA:90,1
DA:91,8
DA:92,8
DA:93,8
DA:94,1
DA:95,1
DA:96,1
DA:97,1
DA:99,1
DA:100,2
DA:101,8
DA:102,8
LF:73
LH:73
end_of_record
TN:
SF:/home/gius/git/llama-cli/src/tui/tui.h
FN:111,130,_ZN3tui13render_inlineERKNSt7__cxx1112basic_stringIcSt11char_traitsIcESaIcEEEb
FN:135,144,_ZN3tui11try_headingERKNSt7__cxx1112basic_stringIcSt11char_traitsIcESaIcEEE
FN:147,160,_ZN3tui8try_listERKNSt7__cxx1112basic_stringIcSt11char_traitsIcESaIcEEEb
FN:163,173,_ZN3tui11render_lineERKNSt7__cxx1112basic_stringIcSt11char_traitsIcESaIcEEEb
FN:185,191,_ZN3tui22render_code_block_lineERKNSt7__cxx1112basic_stringIcSt11char_traitsIcESaIcEEERb
FN:208,223,_ZN3tui12render_linesERKNSt7__cxx1112basic_stringIcSt11char_traitsIcESaIcEEEb
FN:22,30,_ZN3tui9use_colorEb
FN:227,236,_ZN3tui15render_markdownERKNSt7__cxx1112basic_stringIcSt11char_traitsIcESaIcEEEb
FN:241,241,_ZN3tui16default_messagesEv
FN:244,252,_ZN3tui13bofh_messagesEv
FN:262,267,_ZN7SpinnerC2ERSobSt6vectorIPKcSaIS3_EE
FN:265,265,_ZZN7SpinnerC4ERSobSt6vectorIPKcSaIS3_EEENKUlvE_clEv
FN:268,274,_ZN7SpinnerD2Ev
FN:279,291,_ZN7Spinner3runEv
FN:41,43,_ZN3tui5errorERSobRKNSt7__cxx1112basic_stringIcSt11char_traitsIcESaIcEEE
FN:46,48,_ZN3tui10cmd_outputERSobRKNSt7__cxx1112basic_stringIcSt11char_traitsIcESaIcEEE
FN:60,71,_ZN3tui8try_boldERKNSt7__cxx1112basic_stringIcSt11char_traitsIcESaIcEEERmRS5_
FN:76,90,_ZN3tui10try_italicERKNSt7__cxx1112basic_stringIcSt11char_traitsIcESaIcEEERmRS5_
FN:95,106,_ZN3tui8try_codeERKNSt7__cxx1112basic_stringIcSt11char_traitsIcESaIcEEERmRS5_
FNDA:7,_ZN3tui13render_inlineERKNSt7__cxx1112basic_stringIcSt11char_traitsIcESaIcEEEb
FNDA:8,_ZN3tui11try_headingERKNSt7__cxx1112basic_stringIcSt11char_traitsIcESaIcEEE
FNDA:7,_ZN3tui8try_listERKNSt7__cxx1112basic_stringIcSt11char_traitsIcESaIcEEEb
FNDA:8,_ZN3tui11render_lineERKNSt7__cxx1112basic_stringIcSt11char_traitsIcESaIcEEEb
FNDA:3,_ZN3tui22render_code_block_lineERKNSt7__cxx1112basic_stringIcSt11char_traitsIcESaIcEEERb
FNDA:7,_ZN3tui12render_linesERKNSt7__cxx1112basic_stringIcSt11char_traitsIcESaIcEEEb
FNDA:78,_ZN3tui9use_colorEb
FNDA:72,_ZN3tui15render_markdownERKNSt7__cxx1112basic_stringIcSt11char_traitsIcESaIcEEEb
FNDA:64,_ZN3tui16default_messagesEv
FNDA:0,_ZN3tui13bofh_messagesEv
FNDA:64,_ZN7SpinnerC2ERSobSt6vectorIPKcSaIS3_EE
FNDA:0,_ZZN7SpinnerC4ERSobSt6vectorIPKcSaIS3_EEENKUlvE_clEv
FNDA:64,_ZN7SpinnerD2Ev
FNDA:0,_ZN7Spinner3runEv
FNDA:0,_ZN3tui5errorERSobRKNSt7__cxx1112basic_stringIcSt11char_traitsIcESaIcEEE
FNDA:8,_ZN3tui10cmd_outputERSobRKNSt7__cxx1112basic_stringIcSt11char_traitsIcESaIcEEE
FNDA:30,_ZN3tui8try_boldERKNSt7__cxx1112basic_stringIcSt11char_traitsIcESaIcEEERmRS5_
FNDA:29,_ZN3tui10try_italicERKNSt7__cxx1112basic_stringIcSt11char_traitsIcESaIcEEERmRS5_
FNDA:28,_ZN3tui8try_codeERKNSt7__cxx1112basic_stringIcSt11char_traitsIcESaIcEEERmRS5_
FNF:19
FNH:15
DA:22,78
DA:23,78
DA:24,2
DA:26,76
DA:27,0
DA:29,76
DA:41,0
DA:42,0
DA:43,0
DA:46,8
DA:47,8
DA:48,8
DA:60,30
DA:61,30
DA:62,29
DA:64,1
DA:65,1
DA:66,0
DA:68,1
DA:69,1
DA:70,1
DA:76,29
DA:77,29
DA:78,28
DA:80,1
DA:81,0
DA:83,1
DA:84,1
DA:85,0
DA:87,1
DA:88,1
DA:89,1
DA:95,28
DA:96,28
DA:97,27
DA:99,1
DA:100,1
DA:101,0
DA:103,1
DA:104,1
DA:105,1
DA:111,7
DA:112,7
DA:113,0
DA:115,7
DA:116,7
DA:117,37
DA:118,30
DA:119,1
DA:121,29
DA:122,1
DA:124,28
DA:125,1
DA:127,27
DA:129,7
DA:130,7
DA:135,8
DA:136,8
DA:137,14
DA:139,1
DA:140,1
DA:141,0
DA:143,1
DA:147,7
DA:149,7
DA:150,2
DA:153,5
DA:154,2
DA:155,2
DA:156,2
DA:159,6
DA:163,8
DA:164,8
DA:165,8
DA:166,1
DA:168,7
DA:169,7
DA:170,4
DA:172,3
DA:173,8
DA:185,3
DA:186,3
DA:187,2
DA:188,2
DA:190,1
DA:208,7
DA:209,7
DA:210,7
DA:211,7
DA:212,18
DA:213,11
DA:214,11
DA:215,11
DA:216,11
DA:217,3
DA:219,8
DA:221,11
DA:222,14
DA:223,0
DA:227,72
DA:228,72
DA:229,65
DA:231,7
DA:232,7
DA:233,7
DA:235,7
DA:236,7
DA:241,192
DA:244,0
DA:251,0
DA:262,64
DA:263,64
DA:264,64
DA:265,0
DA:267,64
DA:268,64
DA:269,64
DA:270,64
DA:271,0
DA:273,64
DA:274,64
DA:279,0
DA:280,0
DA:281,0
DA:282,0
DA:283,0
DA:284,0
DA:285,0
DA:286,0
DA:287,0
DA:289,0
DA:291,0
LF:132
LH:106
end_of_record
